This is pdfTeX, Version 3.141592653-2.6-1.40.27 (TeX Live 2025) (preloaded format=pdflatex 2025.3.8)  18 MAR 2026 22:33
entering extended mode
 restricted \write18 enabled.
 %&-line parsing enabled.
**nko_paper_v3.tex
(./nko_paper_v3.tex
LaTeX2e <2024-11-01> patch level 2
L3 programming layer <2025-01-18>
(/usr/local/texlive/2025/texmf-dist/tex/latex/base/article.cls
Document Class: article 2024/06/29 v1.4n Standard LaTeX document class
(/usr/local/texlive/2025/texmf-dist/tex/latex/base/size11.clo
File: size11.clo 2024/06/29 v1.4n Standard LaTeX file (size option)
)
\c@part=\count196
\c@section=\count197
\c@subsection=\count198
\c@subsubsection=\count199
\c@paragraph=\count266
\c@subparagraph=\count267
\c@figure=\count268
\c@table=\count269
\abovecaptionskip=\skip49
\belowcaptionskip=\skip50
\bibindent=\dimen141
) (./acl.sty
Conference Style for ACL
(/usr/local/texlive/2025/texmf-dist/tex/latex/xcolor/xcolor.sty
Package: xcolor 2024/09/29 v3.02 LaTeX color extensions (UK)

(/usr/local/texlive/2025/texmf-dist/tex/latex/graphics-cfg/color.cfg
File: color.cfg 2016/01/02 v1.6 sample color configuration
)
Package xcolor Info: Driver file: pdftex.def on input line 274.

(/usr/local/texlive/2025/texmf-dist/tex/latex/graphics-def/pdftex.def
File: pdftex.def 2024/04/13 v1.2c Graphics/color driver for pdftex
)
(/usr/local/texlive/2025/texmf-dist/tex/latex/graphics/mathcolor.ltx)
Package xcolor Info: Model `cmy' substituted by `cmy0' on input line 1349.
Package xcolor Info: Model `hsb' substituted by `rgb' on input line 1353.
Package xcolor Info: Model `RGB' extended on input line 1365.
Package xcolor Info: Model `HTML' substituted by `rgb' on input line 1367.
Package xcolor Info: Model `Hsb' substituted by `hsb' on input line 1368.
Package xcolor Info: Model `tHsb' substituted by `hsb' on input line 1369.
Package xcolor Info: Model `HSB' substituted by `hsb' on input line 1370.
Package xcolor Info: Model `Gray' substituted by `gray' on input line 1371.
Package xcolor Info: Model `wave' substituted by `hsb' on input line 1372.
)
(/usr/local/texlive/2025/texmf-dist/tex/latex/geometry/geometry.sty
Package: geometry 2020/01/02 v5.9 Page Geometry

(/usr/local/texlive/2025/texmf-dist/tex/latex/graphics/keyval.sty
Package: keyval 2022/05/29 v1.15 key=value parser (DPC)
\KV@toks@=\toks17
)
(/usr/local/texlive/2025/texmf-dist/tex/generic/iftex/ifvtex.sty
Package: ifvtex 2019/10/25 v1.7 ifvtex legacy package. Use iftex instead.

(/usr/local/texlive/2025/texmf-dist/tex/generic/iftex/iftex.sty
Package: iftex 2024/12/12 v1.0g TeX engine tests
))
\Gm@cnth=\count270
\Gm@cntv=\count271
\c@Gm@tempcnt=\count272
\Gm@bindingoffset=\dimen142
\Gm@wd@mp=\dimen143
\Gm@odd@mp=\dimen144
\Gm@even@mp=\dimen145
\Gm@layoutwidth=\dimen146
\Gm@layoutheight=\dimen147
\Gm@layouthoffset=\dimen148
\Gm@layoutvoffset=\dimen149
\Gm@dimlist=\toks18
)
\titlebox=\skip51

(/usr/local/texlive/2025/texmf-dist/tex/latex/caption/caption.sty
Package: caption 2023/08/05 v3.6o Customizing captions (AR)

(/usr/local/texlive/2025/texmf-dist/tex/latex/caption/caption3.sty
Package: caption3 2023/07/31 v2.4d caption3 kernel (AR)
\caption@tempdima=\dimen150
\captionmargin=\dimen151
\caption@leftmargin=\dimen152
\caption@rightmargin=\dimen153
\caption@width=\dimen154
\caption@indent=\dimen155
\caption@parindent=\dimen156
\caption@hangindent=\dimen157
Package caption Info: Standard document class detected.
)
\c@caption@flags=\count273
\c@continuedfloat=\count274
)
(/usr/local/texlive/2025/texmf-dist/tex/latex/natbib/natbib.sty
Package: natbib 2010/09/13 8.31b (PWD, AO)
\bibhang=\skip52
\bibsep=\skip53
LaTeX Info: Redefining \cite on input line 694.
\c@NAT@ctr=\count275
)
(/usr/local/texlive/2025/texmf-dist/tex/latex/hyperref/hyperref.sty
Package: hyperref 2024-11-05 v7.01l Hypertext links for LaTeX

(/usr/local/texlive/2025/texmf-dist/tex/latex/kvsetkeys/kvsetkeys.sty
Package: kvsetkeys 2022-10-05 v1.19 Key value parser (HO)
)
(/usr/local/texlive/2025/texmf-dist/tex/generic/kvdefinekeys/kvdefinekeys.sty
Package: kvdefinekeys 2019-12-19 v1.6 Define keys (HO)
)
(/usr/local/texlive/2025/texmf-dist/tex/generic/pdfescape/pdfescape.sty
Package: pdfescape 2019/12/09 v1.15 Implements pdfTeX's escape features (HO)

(/usr/local/texlive/2025/texmf-dist/tex/generic/ltxcmds/ltxcmds.sty
Package: ltxcmds 2023-12-04 v1.26 LaTeX kernel commands for general use (HO)
)
(/usr/local/texlive/2025/texmf-dist/tex/generic/pdftexcmds/pdftexcmds.sty
Package: pdftexcmds 2020-06-27 v0.33 Utility functions of pdfTeX for LuaTeX (HO
)

(/usr/local/texlive/2025/texmf-dist/tex/generic/infwarerr/infwarerr.sty
Package: infwarerr 2019/12/03 v1.5 Providing info/warning/error messages (HO)
)
Package pdftexcmds Info: \pdf@primitive is available.
Package pdftexcmds Info: \pdf@ifprimitive is available.
Package pdftexcmds Info: \pdfdraftmode found.
))
(/usr/local/texlive/2025/texmf-dist/tex/latex/hycolor/hycolor.sty
Package: hycolor 2020-01-27 v1.10 Color options for hyperref/bookmark (HO)
)
(/usr/local/texlive/2025/texmf-dist/tex/latex/hyperref/nameref.sty
Package: nameref 2023-11-26 v2.56 Cross-referencing by name of section

(/usr/local/texlive/2025/texmf-dist/tex/latex/refcount/refcount.sty
Package: refcount 2019/12/15 v3.6 Data extraction from label references (HO)
)
(/usr/local/texlive/2025/texmf-dist/tex/generic/gettitlestring/gettitlestring.s
ty
Package: gettitlestring 2019/12/15 v1.6 Cleanup title references (HO)
 (/usr/local/texlive/2025/texmf-dist/tex/latex/kvoptions/kvoptions.sty
Package: kvoptions 2022-06-15 v3.15 Key value format for package options (HO)
))
\c@section@level=\count276
)
(/usr/local/texlive/2025/texmf-dist/tex/latex/etoolbox/etoolbox.sty
Package: etoolbox 2025/02/11 v2.5l e-TeX tools for LaTeX (JAW)
\etb@tempcnta=\count277
)
(/usr/local/texlive/2025/texmf-dist/tex/generic/stringenc/stringenc.sty
Package: stringenc 2019/11/29 v1.12 Convert strings between diff. encodings (HO
)
)
\@linkdim=\dimen158
\Hy@linkcounter=\count278
\Hy@pagecounter=\count279

(/usr/local/texlive/2025/texmf-dist/tex/latex/hyperref/pd1enc.def
File: pd1enc.def 2024-11-05 v7.01l Hyperref: PDFDocEncoding definition (HO)
Now handling font encoding PD1 ...
... no UTF-8 mapping file for font encoding PD1
)
(/usr/local/texlive/2025/texmf-dist/tex/generic/intcalc/intcalc.sty
Package: intcalc 2019/12/15 v1.3 Expandable calculations with integers (HO)
)
\Hy@SavedSpaceFactor=\count280

(/usr/local/texlive/2025/texmf-dist/tex/latex/hyperref/puenc.def
File: puenc.def 2024-11-05 v7.01l Hyperref: PDF Unicode definition (HO)
Now handling font encoding PU ...
... no UTF-8 mapping file for font encoding PU
)
Package hyperref Info: Option `breaklinks' set `true' on input line 4040.
Package hyperref Info: Hyper figures OFF on input line 4157.
Package hyperref Info: Link nesting OFF on input line 4162.
Package hyperref Info: Hyper index ON on input line 4165.
Package hyperref Info: Plain pages OFF on input line 4172.
Package hyperref Info: Backreferencing OFF on input line 4177.
Package hyperref Info: Implicit mode ON; LaTeX internals redefined.
Package hyperref Info: Bookmarks ON on input line 4424.
\c@Hy@tempcnt=\count281

(/usr/local/texlive/2025/texmf-dist/tex/latex/url/url.sty
\Urlmuskip=\muskip17
Package: url 2013/09/16  ver 3.4  Verb mode for urls, etc.
)
LaTeX Info: Redefining \url on input line 4763.
\XeTeXLinkMargin=\dimen159

(/usr/local/texlive/2025/texmf-dist/tex/generic/bitset/bitset.sty
Package: bitset 2019/12/09 v1.3 Handle bit-vector datatype (HO)

(/usr/local/texlive/2025/texmf-dist/tex/generic/bigintcalc/bigintcalc.sty
Package: bigintcalc 2019/12/15 v1.5 Expandable calculations on big integers (HO
)
))
\Fld@menulength=\count282
\Field@Width=\dimen160
\Fld@charsize=\dimen161
Package hyperref Info: Hyper figures OFF on input line 6042.
Package hyperref Info: Link nesting OFF on input line 6047.
Package hyperref Info: Hyper index ON on input line 6050.
Package hyperref Info: backreferencing OFF on input line 6057.
Package hyperref Info: Link coloring OFF on input line 6062.
Package hyperref Info: Link coloring with OCG OFF on input line 6067.
Package hyperref Info: PDF/A mode OFF on input line 6072.

(/usr/local/texlive/2025/texmf-dist/tex/latex/base/atbegshi-ltx.sty
Package: atbegshi-ltx 2021/01/10 v1.0c Emulation of the original atbegshi
package with kernel methods
)
\Hy@abspage=\count283
\c@Item=\count284
\c@Hfootnote=\count285
)
Package hyperref Info: Driver (autodetected): hpdftex.

(/usr/local/texlive/2025/texmf-dist/tex/latex/hyperref/hpdftex.def
File: hpdftex.def 2024-11-05 v7.01l Hyperref driver for pdfTeX

(/usr/local/texlive/2025/texmf-dist/tex/latex/base/atveryend-ltx.sty
Package: atveryend-ltx 2020/08/19 v1.0a Emulation of the original atveryend pac
kage
with kernel methods
)
\Fld@listcount=\count286
\c@bookmark@seq@number=\count287

(/usr/local/texlive/2025/texmf-dist/tex/latex/rerunfilecheck/rerunfilecheck.sty
Package: rerunfilecheck 2022-07-10 v1.10 Rerun checks for auxiliary files (HO)

(/usr/local/texlive/2025/texmf-dist/tex/generic/uniquecounter/uniquecounter.sty
Package: uniquecounter 2019/12/15 v1.4 Provide unlimited unique counter (HO)
)
Package uniquecounter Info: New unique counter `rerunfilecheck' on input line 2
85.
)
\Hy@SectionHShift=\skip54
)
Package hyperref Info: Option `colorlinks' set `true' on input line 305.
) (/usr/local/texlive/2025/texmf-dist/tex/latex/psnfss/times.sty
Package: times 2020/03/25 PSNFSS-v9.3 (SPQR) 
)
(/usr/local/texlive/2025/texmf-dist/tex/latex/base/latexsym.sty
Package: latexsym 1998/08/17 v2.2e Standard LaTeX package (lasy symbols)
\symlasy=\mathgroup4
LaTeX Font Info:    Overwriting symbol font `lasy' in version `bold'
(Font)                  U/lasy/m/n --> U/lasy/b/n on input line 52.
)
(/usr/local/texlive/2025/texmf-dist/tex/latex/graphics/graphicx.sty
Package: graphicx 2021/09/16 v1.2d Enhanced LaTeX Graphics (DPC,SPQR)

(/usr/local/texlive/2025/texmf-dist/tex/latex/graphics/graphics.sty
Package: graphics 2024/08/06 v1.4g Standard LaTeX Graphics (DPC,SPQR)

(/usr/local/texlive/2025/texmf-dist/tex/latex/graphics/trig.sty
Package: trig 2023/12/02 v1.11 sin cos tan (DPC)
)
(/usr/local/texlive/2025/texmf-dist/tex/latex/graphics-cfg/graphics.cfg
File: graphics.cfg 2016/06/04 v1.11 sample graphics configuration
)
Package graphics Info: Driver file: pdftex.def on input line 106.
)
\Gin@req@height=\dimen162
\Gin@req@width=\dimen163
)
(/usr/local/texlive/2025/texmf-dist/tex/latex/booktabs/booktabs.sty
Package: booktabs 2020/01/12 v1.61803398 Publication quality tables
\heavyrulewidth=\dimen164
\lightrulewidth=\dimen165
\cmidrulewidth=\dimen166
\belowrulesep=\dimen167
\belowbottomsep=\dimen168
\aboverulesep=\dimen169
\abovetopsep=\dimen170
\cmidrulesep=\dimen171
\cmidrulekern=\dimen172
\defaultaddspace=\dimen173
\@cmidla=\count288
\@cmidlb=\count289
\@aboverulesep=\dimen174
\@belowrulesep=\dimen175
\@thisruleclass=\count290
\@lastruleclass=\count291
\@thisrulewidth=\dimen176
)
(/usr/local/texlive/2025/texmf-dist/tex/latex/amsmath/amsmath.sty
Package: amsmath 2024/11/05 v2.17t AMS math features
\@mathmargin=\skip55

For additional information on amsmath, use the `?' option.
(/usr/local/texlive/2025/texmf-dist/tex/latex/amsmath/amstext.sty
Package: amstext 2021/08/26 v2.01 AMS text

(/usr/local/texlive/2025/texmf-dist/tex/latex/amsmath/amsgen.sty
File: amsgen.sty 1999/11/30 v2.0 generic functions
\@emptytoks=\toks19
\ex@=\dimen177
))
(/usr/local/texlive/2025/texmf-dist/tex/latex/amsmath/amsbsy.sty
Package: amsbsy 1999/11/29 v1.2d Bold Symbols
\pmbraise@=\dimen178
)
(/usr/local/texlive/2025/texmf-dist/tex/latex/amsmath/amsopn.sty
Package: amsopn 2022/04/08 v2.04 operator names
)
\inf@bad=\count292
LaTeX Info: Redefining \frac on input line 233.
\uproot@=\count293
\leftroot@=\count294
LaTeX Info: Redefining \overline on input line 398.
LaTeX Info: Redefining \colon on input line 409.
\classnum@=\count295
\DOTSCASE@=\count296
LaTeX Info: Redefining \ldots on input line 495.
LaTeX Info: Redefining \dots on input line 498.
LaTeX Info: Redefining \cdots on input line 619.
\Mathstrutbox@=\box52
\strutbox@=\box53
LaTeX Info: Redefining \big on input line 721.
LaTeX Info: Redefining \Big on input line 722.
LaTeX Info: Redefining \bigg on input line 723.
LaTeX Info: Redefining \Bigg on input line 724.
\big@size=\dimen179
LaTeX Font Info:    Redeclaring font encoding OML on input line 742.
LaTeX Font Info:    Redeclaring font encoding OMS on input line 743.
\macc@depth=\count297
LaTeX Info: Redefining \bmod on input line 904.
LaTeX Info: Redefining \pmod on input line 909.
LaTeX Info: Redefining \smash on input line 939.
LaTeX Info: Redefining \relbar on input line 969.
LaTeX Info: Redefining \Relbar on input line 970.
\c@MaxMatrixCols=\count298
\dotsspace@=\muskip18
\c@parentequation=\count299
\dspbrk@lvl=\count300
\tag@help=\toks20
\row@=\count301
\column@=\count302
\maxfields@=\count303
\andhelp@=\toks21
\eqnshift@=\dimen180
\alignsep@=\dimen181
\tagshift@=\dimen182
\tagwidth@=\dimen183
\totwidth@=\dimen184
\lineht@=\dimen185
\@envbody=\toks22
\multlinegap=\skip56
\multlinetaggap=\skip57
\mathdisplay@stack=\toks23
LaTeX Info: Redefining \[ on input line 2953.
LaTeX Info: Redefining \] on input line 2954.
)
(/usr/local/texlive/2025/texmf-dist/tex/latex/amsfonts/amssymb.sty
Package: amssymb 2013/01/14 v3.01 AMS font symbols

(/usr/local/texlive/2025/texmf-dist/tex/latex/amsfonts/amsfonts.sty
Package: amsfonts 2013/01/14 v3.01 Basic AMSFonts support
\symAMSa=\mathgroup5
\symAMSb=\mathgroup6
LaTeX Font Info:    Redeclaring math symbol \hbar on input line 98.
LaTeX Font Info:    Overwriting math alphabet `\mathfrak' in version `bold'
(Font)                  U/euf/m/n --> U/euf/b/n on input line 106.
))
(/usr/local/texlive/2025/texmf-dist/tex/latex/multirow/multirow.sty
Package: multirow 2024/11/12 v2.9 Span multiple rows of a table
\multirow@colwidth=\skip58
\multirow@cntb=\count304
\multirow@dima=\skip59
\bigstrutjot=\dimen186
)
(/usr/local/texlive/2025/texmf-dist/tex/latex/tools/array.sty
Package: array 2024/10/17 v2.6g Tabular extension package (FMi)
\col@sep=\dimen187
\ar@mcellbox=\box54
\extrarowheight=\dimen188
\NC@list=\toks24
\extratabsurround=\skip60
\backup@length=\skip61
\ar@cellbox=\box55
)
(/usr/local/texlive/2025/texmf-dist/tex/latex/tools/tabularx.sty
Package: tabularx 2023/12/11 v2.12a `tabularx' package (DPC)
\TX@col@width=\dimen189
\TX@old@table=\dimen190
\TX@old@col=\dimen191
\TX@target=\dimen192
\TX@delta=\dimen193
\TX@cols=\count305
\TX@ftn=\toks25
)
(/usr/local/texlive/2025/texmf-dist/tex/latex/tipa/tipa.sty
Package: tipa 2002/08/08 TIPA version 1.1

(/usr/local/texlive/2025/texmf-dist/tex/latex/base/fontenc.sty
Package: fontenc 2021/04/29 v2.0v Standard LaTeX package

(/usr/local/texlive/2025/texmf-dist/tex/latex/tipa/t3enc.def
File: t3enc.def 2001/12/31 T3 encoding
Now handling font encoding T3 ...
... no UTF-8 mapping file for font encoding T3
LaTeX Font Info:    Trying to load font information for OT1+phv on input line 3
57.

(/usr/local/texlive/2025/texmf-dist/tex/latex/psnfss/ot1phv.fd
File: ot1phv.fd 2020/03/25 scalable font definitions for OT1/phv.
))
LaTeX Font Info:    Trying to load font information for OT1+ptm on input line 1
16.

(/usr/local/texlive/2025/texmf-dist/tex/latex/psnfss/ot1ptm.fd
File: ot1ptm.fd 2001/06/04 font definitions for OT1/ptm.
)))
(/usr/local/texlive/2025/texmf-dist/tex/latex/l3backend/l3backend-pdftex.def
File: l3backend-pdftex.def 2024-05-08 L3 backend support: PDF output (pdfTeX)
\l__color_backend_stack_int=\count306
\l__pdf_internal_box=\box56
)
(./nko_paper_v3.aux)
\openout1 = `nko_paper_v3.aux'.

LaTeX Font Info:    Checking defaults for OML/cmm/m/it on input line 33.
LaTeX Font Info:    ... okay on input line 33.
LaTeX Font Info:    Checking defaults for OMS/cmsy/m/n on input line 33.
LaTeX Font Info:    ... okay on input line 33.
LaTeX Font Info:    Checking defaults for OT1/cmr/m/n on input line 33.
LaTeX Font Info:    ... okay on input line 33.
LaTeX Font Info:    Checking defaults for T1/cmr/m/n on input line 33.
LaTeX Font Info:    ... okay on input line 33.
LaTeX Font Info:    Checking defaults for TS1/cmr/m/n on input line 33.
LaTeX Font Info:    ... okay on input line 33.
LaTeX Font Info:    Checking defaults for OMX/cmex/m/n on input line 33.
LaTeX Font Info:    ... okay on input line 33.
LaTeX Font Info:    Checking defaults for U/cmr/m/n on input line 33.
LaTeX Font Info:    ... okay on input line 33.
LaTeX Font Info:    Checking defaults for PD1/pdf/m/n on input line 33.
LaTeX Font Info:    ... okay on input line 33.
LaTeX Font Info:    Checking defaults for PU/pdf/m/n on input line 33.
LaTeX Font Info:    ... okay on input line 33.
LaTeX Font Info:    Checking defaults for T3/cmr/m/n on input line 33.
LaTeX Font Info:    Trying to load font information for T3+cmr on input line 33
.

(/usr/local/texlive/2025/texmf-dist/tex/latex/tipa/t3cmr.fd
File: t3cmr.fd 2001/12/31 TIPA font definitions
)
LaTeX Font Info:    ... okay on input line 33.

(/usr/local/texlive/2025/texmf-dist/tex/context/base/mkii/supp-pdf.mkii
[Loading MPS to PDF converter (version 2006.09.02).]
\scratchcounter=\count307
\scratchdimen=\dimen194
\scratchbox=\box57
\nofMPsegments=\count308
\nofMParguments=\count309
\everyMPshowfont=\toks26
\MPscratchCnt=\count310
\MPscratchDim=\dimen195
\MPnumerator=\count311
\makeMPintoPDFobject=\count312
\everyMPtoPDFconversion=\toks27
) (/usr/local/texlive/2025/texmf-dist/tex/latex/epstopdf-pkg/epstopdf-base.sty
Package: epstopdf-base 2020-01-24 v2.11 Base part for package epstopdf

(/usr/local/texlive/2025/texmf-dist/tex/latex/grfext/grfext.sty
Package: grfext 2019/12/03 v1.3 Manage graphics extensions (HO)
)
Package epstopdf-base Info: Redefining graphics rule for `.eps' on input line 4
85.
Package grfext Info: Graphics extension search list:
(grfext)             [.pdf,.png,.jpg,.mps,.jpeg,.jbig2,.jb2,.PDF,.PNG,.JPG,.JPE
G,.JBIG2,.JB2,.eps]
(grfext)             \AppendGraphicsExtensions on input line 504.

(/usr/local/texlive/2025/texmf-dist/tex/latex/latexconfig/epstopdf-sys.cfg
File: epstopdf-sys.cfg 2010/07/13 v1.3 Configuration of (r)epstopdf for TeX Liv
e
))
*geometry* driver: auto-detecting
*geometry* detected driver: pdftex
*geometry* verbose mode - [ preamble ] result:
* driver: pdftex
* paper: a4paper
* layout: <same size as paper>
* layoutoffset:(h,v)=(0.0pt,0.0pt)
* modes: heightrounded 
* h-part:(L,W,R)=(71.13188pt, 455.24411pt, 71.13188pt)
* v-part:(T,H,B)=(71.13188pt, 702.78308pt, 71.13188pt)
* \paperwidth=597.50787pt
* \paperheight=845.04684pt
* \textwidth=455.24411pt
* \textheight=704.60031pt
* \oddsidemargin=-1.1381pt
* \evensidemargin=-1.1381pt
* \topmargin=-38.1381pt
* \headheight=12.0pt
* \headsep=25.0pt
* \topskip=11.0pt
* \footskip=30.0pt
* \marginparwidth=59.0pt
* \marginparsep=10.0pt
* \columnsep=17.07182pt
* \skip\footins=9.0pt plus 4.0pt minus 2.0pt
* \hoffset=0.0pt
* \voffset=0.0pt
* \mag=1000
* \@twocolumntrue
* \@twosidefalse
* \@mparswitchfalse
* \@reversemarginfalse
* (1in=72.27pt=25.4mm, 1cm=28.453pt)

Package caption Info: Begin \AtBeginDocument code.
Package caption Info: hyperref package is loaded.
Package caption Info: End \AtBeginDocument code.
Package hyperref Info: Link coloring ON on input line 33.
(./nko_paper_v3.out) (./nko_paper_v3.out)
\@outlinefile=\write3
\openout3 = `nko_paper_v3.out'.

LaTeX Font Info:    Trying to load font information for U+lasy on input line 34
.

(/usr/local/texlive/2025/texmf-dist/tex/latex/base/ulasy.fd
File: ulasy.fd 1998/08/17 v2.2e LaTeX symbol font definitions
)
LaTeX Font Info:    Trying to load font information for U+msa on input line 34.


(/usr/local/texlive/2025/texmf-dist/tex/latex/amsfonts/umsa.fd
File: umsa.fd 2013/01/14 v3.01 AMS symbols A
)
LaTeX Font Info:    Trying to load font information for U+msb on input line 34.


(/usr/local/texlive/2025/texmf-dist/tex/latex/amsfonts/umsb.fd
File: umsb.fd 2013/01/14 v3.01 AMS symbols B
)
LaTeX Font Info:    Trying to load font information for OT1+pcr on input line 3
4.

(/usr/local/texlive/2025/texmf-dist/tex/latex/psnfss/ot1pcr.fd
File: ot1pcr.fd 2001/06/04 font definitions for OT1/pcr.
)
Underfull \hbox (badness 2809) in paragraph at lines 37--38
\OT1/ptm/m/n/10 mil-lion Manding-language speak-ers across
 []


Underfull \hbox (badness 1389) in paragraph at lines 37--38
\OT1/ptm/m/n/10 sen-tence pairs across all eighty-one trans-
 []


Underfull \hbox (badness 1127) in paragraph at lines 37--38
\OT1/ptm/m/n/10 tax mea-sured by L2 norm ra-tio, thirty to
 []


Underfull \hbox (badness 1014) in paragraph at lines 37--38
\OT1/ptm/m/n/10 stage LoRA fine-tuning com-pris-ing 17,360
 []


Underfull \hbox (badness 2310) in paragraph at lines 37--38
\OT1/ptm/m/n/10 former with four-fold tem-po-ral down-sam-
 []




Underfull \hbox (badness 1377) in paragraph at lines 44--45
\OT1/ptm/m/n/10.95 U+07FF in 2006, and pos-sess-ing en-gi-neer-ing
 []



[1{/usr/local/texlive/2025/texmf-var/fonts/map/pdftex/updmap/pdftex.map}{/usr/l
ocal/texlive/2025/texmf-dist/fonts/enc/dvips/base/8r.enc}



]


Underfull \hbox (badness 2197) in paragraph at lines 61--62
\OT1/ptm/m/n/10.95 Robots-Mali/afvoices, con-tain-ing ap-prox-i-mately
 []


Underfull \hbox (badness 2096) in paragraph at lines 61--62
\OT1/ptm/m/n/10.95 tain-ing 37 hours un-der a CC-BY-4.0 li-cense
 []


Underfull \hbox (badness 1325) in paragraph at lines 61--62
\OT1/ptm/m/n/10.95 was re-leased in 2026 and sup-ports Bambara-
 []


Underfull \hbox (badness 3460) in paragraph at lines 66--67
\OT1/ptm/m/n/10.95 pre-trained acous-tic mod-els, a paradigm es-
 []


Underfull \hbox (badness 1824) in paragraph at lines 66--67
\OT1/ptm/m/n/10.95 tab-lished by Whis-per ([][]Rad-ford et al.[][], [][]2023[][
]),
 []



[2]
Underfull \vbox (badness 1418) has occurred while \output is active []




Underfull \hbox (badness 2591) in paragraph at lines 75--76
\OT1/ptm/m/n/10.95 re-ceived in-creas-ing at-ten-tion in re-cent years,
 []



[3]
LaTeX Font Info:    Trying to load font information for TS1+ptm on input line 8
6.
 (/usr/local/texlive/2025/texmf-dist/tex/latex/psnfss/ts1ptm.fd
File: ts1ptm.fd 2001/06/04 font definitions for TS1/ptm.
)



[4]
Overfull \hbox (2.07745pt too wide) in paragraph at lines 126--140
 [][] 
 []





[5]
Underfull \vbox (badness 2035) has occurred while \output is active []




Underfull \hbox (badness 5189) in paragraph at lines 198--199
\OT1/ptm/m/n/10.95 full depth of the model. Start-ing lay-ers
 []


Underfull \hbox (badness 1810) in paragraph at lines 198--199
\OT1/ptm/m/n/10.95 range across $\OMS/cmsy/m/n/10.95 f\OT1/cmr/m/n/10.95 0\OML/
cmm/m/it/10.95 ; \OT1/cmr/m/n/10.95 8\OML/cmm/m/it/10.95 ; \OT1/cmr/m/n/10.95 1
6\OML/cmm/m/it/10.95 ; \OT1/cmr/m/n/10.95 24\OML/cmm/m/it/10.95 ; \OT1/cmr/m/n/
10.95 32\OML/cmm/m/it/10.95 ; \OT1/cmr/m/n/10.95 40\OML/cmm/m/it/10.95 ; \OT1/c
mr/m/n/10.95 48\OML/cmm/m/it/10.95 ; \OT1/cmr/m/n/10.95 56\OML/cmm/m/it/10.95 ;
 \OT1/cmr/m/n/10.95 64\OML/cmm/m/it/10.95 ; \OT1/cmr/m/n/10.95 72\OMS/cmsy/m/n/
10.95 g$
 []



[6]


Underfull \vbox (badness 10000) has occurred while \output is active []



[7]
Underfull \hbox (badness 2005) in paragraph at lines 248--249
[]\OT1/ptm/m/n/10.95 The sec-ond stage is su-per-vised fine-tuning
 []




Overfull \hbox (6.24605pt too wide) in paragraph at lines 262--274
 [][] 
 []


Underfull \hbox (badness 1038) in paragraph at lines 276--277
\OT1/ptm/m/n/10.95 45.6% re-duc-tion, while En-glish per-plex-ity in-
 []



[8]
Underfull \hbox (badness 1112) in paragraph at lines 291--292
[]\OT1/ptm/m/n/10.95 We for-mal-ize the struc-tural com-par-i-son be-
 []


Underfull \hbox (badness 1642) in paragraph at lines 291--292
\OT1/ptm/m/n/10.95 tween Latin Bam-bara and N'Ko tran-scrip-tion
 []



LaTeX Font Info:    Trying to load font information for T3+ptm on input line 30
2.
(/usr/local/texlive/2025/texmf-dist/tex/latex/tipa/t3ptm.fd
File: t3ptm.fd 2001/12/31 TIPA font definitions
)
Underfull \hbox (badness 1024) in paragraph at lines 319--320
\OT1/ptm/m/n/10.95 na-tional Pho-netic Al-pha-bet (IPA) sym-bols us-
 []


Underfull \hbox (badness 1112) in paragraph at lines 319--320
\OT1/ptm/m/n/10.95 ing a rule-based sys-tem with di-graph pri-or-ity
 []


Underfull \hbox (badness 1478) in paragraph at lines 319--320
\OT1/ptm/m/n/10.95 char-ac-ter ``n'' maps to /n/, pre-vent-ing greedy
 []



[9]
Underfull \hbox (badness 1436) in paragraph at lines 321--322
\OT1/ptm/m/n/10.95 dis-tinct bug classes, each cor-re-spond-ing to a
 []


Underfull \hbox (badness 2591) in paragraph at lines 321--322
\OT1/ptm/m/n/10.95 cat-e-gory of phone-mic in-for-ma-tion that Latin
 []


Underfull \hbox (badness 1377) in paragraph at lines 321--322
\OT1/ptm/m/n/10.95 schwa sym-bol, and the voice-less postalve-o-lar
 []


Underfull \hbox (badness 1043) in paragraph at lines 321--322
\OT1/ptm/m/n/10.95 ure on pre-composed toned vow-els: Python's
 []


Underfull \hbox (badness 10000) in paragraph at lines 321--322
\OT1/pcr/m/n/10.95 unicodedata.normalize('NFD',
 []


Underfull \hbox (badness 2165) in paragraph at lines 321--322
\OT1/pcr/m/n/10.95 text) \OT1/ptm/m/n/10.95 must be called be-fore the phone-mi
c
 []


Underfull \hbox (badness 4765) in paragraph at lines 321--322
\OT1/ptm/m/n/10.95 nor-mal-iza-tion is-sue: right-to-left N'Ko text
 []




Overfull \hbox (22.24615pt too wide) detected at line 341
 []$[]  [][]\OT1/cmr/m/n/10.95 (\OML/cmm/m/it/10.95 x\OT1/cmr/m/n/10.95 ) [] \U
/msb/m/n/10.95 R[] \OMS/cmsy/m/n/10.95 ! []\OT1/cmr/m/n/10.95 (1280\OML/cmm/m/i
t/10.95 ; \OT1/cmr/m/n/10.95 512)$ 
 []


Underfull \hbox (badness 2503) in paragraph at lines 343--344
[]\OT1/ptm/m/n/10.95 The four-fold down-sam-pling oc-curs at the
 []



[10]
Underfull \hbox (badness 3049) in paragraph at lines 354--355
\OT1/ptm/m/n/10.95 We con-duct a sys-tem-atic ar-chi-tec-ture search
 []




Overfull \hbox (46.00726pt too wide) detected at line 391
 []$[]  [][]\OT1/cmr/m/n/10.95 (\OML/cmm/m/it/10.95 x\OT1/cmr/m/n/10.95 ) \OMS/
cmsy/m/n/10.95 ! []\OT1/cmr/m/n/10.95 (1280\OML/cmm/m/it/10.95 ; \OT1/cmr/m/n/1
0.95 768) [] [](\OML/cmm/m/it/10.95 s  \OT1/cmr/m/n/10.95 =  4)$ 
 []


Overfull \hbox (7.80603pt too wide) detected at line 391
 []$[] \OMS/cmsy/m/n/10.95 ! [][]\OT1/cmr/m/n/10.95 (\OML/cmm/m/it/10.95 d  \OT
1/cmr/m/n/10.95 =  768\OML/cmm/m/it/10.95 ; h  \OT1/cmr/m/n/10.95 =  12) \OMS/c
msy/m/n/10.95 ! [] ! []\OT1/cmr/m/n/10.95 (768\OML/cmm/m/it/10.95 ; \OT1/cmr/m/
n/10.95 66)$ []  
 []



[11]
Underfull \hbox (badness 1132) in paragraph at lines 397--398
\OT1/ptm/m/n/10.95 twenty-three-point CER im-prove-ment over V1
 []


Overfull \hbox (2.34839pt too wide) in paragraph at lines 404--416
 [][] 
 []




Underfull \hbox (badness 1019) in paragraph at lines 425--426
\OT1/ptm/m/n/10.95 phono-tac-tics as hard con-straints on CTC out-
 []


Underfull \hbox (badness 4621) in paragraph at lines 427--428
[]\OT1/ptm/m/n/10.95 We de-fine the FSM for-mally as a five-
 []


Underfull \hbox (badness 2828) in paragraph at lines 427--428
\OT1/ptm/m/n/10.95 tuple $\OMS/cmsy/m/n/10.95 M \OT1/cmr/m/n/10.95 = (\OML/cmm/
m/it/10.95 Q; \OT1/cmr/m/n/10.95 ^^F\OML/cmm/m/it/10.95 ; ^^N; q[]; F\OT1/cmr/m
/n/10.95 )$\OT1/ptm/m/n/10.95 , where $\OML/cmm/m/it/10.95 Q \OT1/cmr/m/n/10.95
 =
 []



[12]
Underfull \vbox (badness 1137) has occurred while \output is active []




Underfull \hbox (badness 1231) in paragraph at lines 462--463
\OT1/ptm/m/n/10.95 demon-strates the com-bined ef-fect of ar-chi-tec-
 []


Overfull \hbox (11.7775pt too wide) in paragraph at lines 469--479
 [][] 
 []



[13]


Underfull \hbox (badness 1490) in paragraph at lines 495--496
\OT1/ptm/m/n/10.95 level met-ric that is strictly more fine-grained
 []


Underfull \hbox (badness 1019) in paragraph at lines 497--498
[]\OT1/ptm/m/n/10.95 The fourth find-ing is that self-attention en-
 []



[14]


Underfull \hbox (badness 4391) in paragraph at lines 515--516
[]\OT1/ptm/m/n/10.95 The V1 through V3 sys-tems use greedy
 []


Underfull \hbox (badness 1442) in paragraph at lines 515--516
\OT1/ptm/m/n/10.95 CTC argmax de-cod-ing, se-lect-ing the highest-
 []



[15]


Underfull \hbox (badness 2158) in paragraph at lines 533--534
\OT1/ptm/m/n/10.95 N'Ko to any de-lib-er-ately de-signed phone-mic
 []


Underfull \hbox (badness 2012) in paragraph at lines 533--534
\OT1/ptm/m/n/10.95 script. Ad-lam, cre-ated in 1989 for Fu-lani,
 []


Underfull \hbox (badness 4726) in paragraph at lines 533--534
\OT1/ptm/m/n/10.95 cor-re-spon-dence. Ti-fi-nagh, stan-dard-ized for
 []



[16]
Underfull \hbox (badness 5161) in paragraph at lines 535--536
[]\OT1/ptm/m/n/10.95 Solomana Kant[]e de-signed N'Ko in 1949
 []


Underfull \hbox (badness 1596) in paragraph at lines 543--544
\OT1/ptm/m/it/9 Code, mod-els, and eval-u-a-tion frame-work: [][]$\OT1/pcr/m/n/
9 https : / /
 []

(./nko_paper_v3.bbl
Underfull \hbox (badness 1127) in paragraph at lines 23--27
[]\OT1/ptm/m/n/9 Moussa Doum-bouya and 1 oth-ers. 2021.  Us-ing ra-dio
 []




Underfull \hbox (badness 1365) in paragraph at lines 88--91
[]\OT1/ptm/m/n/9 RobotsMali. 2024.  bam-asr-early: Bam-bara au-to-matic
 []

)

[17] (./nko_paper_v3.aux)
 ***********
LaTeX2e <2024-11-01> patch level 2
L3 programming layer <2025-01-18>
 ***********
Package rerunfilecheck Info: File `nko_paper_v3.out' has not changed.
(rerunfilecheck)             Checksum: AEF0437CD6A5F28E0BEDC86789832428;6208.
 ) 
Here is how much of TeX's memory you used:
 13992 strings out of 473190
 215498 string characters out of 5715801
 632937 words of memory out of 5000000
 36936 multiletter control sequences out of 15000+600000
 596920 words of font info for 125 fonts, out of 8000000 for 9000
 1141 hyphenation exceptions out of 8191
 90i,17n,93p,2073b,454s stack positions out of 10000i,1000n,20000p,200000b,200000s
</usr/local/texlive/2025/texmf-dist/fonts/type1/public/amsfonts/cm/cmex10.pfb
></usr/local/texlive/2025/texmf-dist/fonts/type1/public/amsfonts/cm/cmmi10.pfb>
</usr/local/texlive/2025/texmf-dist/fonts/type1/public/amsfonts/cm/cmmi8.pfb></
usr/local/texlive/2025/texmf-dist/fonts/type1/public/amsfonts/cm/cmmi9.pfb></us
r/local/texlive/2025/texmf-dist/fonts/type1/public/amsfonts/cm/cmr10.pfb></usr/
local/texlive/2025/texmf-dist/fonts/type1/public/amsfonts/cm/cmr6.pfb></usr/loc
al/texlive/2025/texmf-dist/fonts/type1/public/amsfonts/cm/cmr8.pfb></usr/local/
texlive/2025/texmf-dist/fonts/type1/public/amsfonts/cm/cmr9.pfb></usr/local/tex
live/2025/texmf-dist/fonts/type1/public/amsfonts/cm/cmsy10.pfb></usr/local/texl
ive/2025/texmf-dist/fonts/type1/public/amsfonts/cm/cmsy6.pfb></usr/local/texliv
e/2025/texmf-dist/fonts/type1/public/amsfonts/cm/cmsy8.pfb></usr/local/texlive/
2025/texmf-dist/fonts/type1/public/amsfonts/cm/cmsy9.pfb></usr/local/texlive/20
25/texmf-dist/fonts/type1/public/amsfonts/symbols/msbm10.pfb></usr/local/texliv
e/2025/texmf-dist/fonts/type1/urw/courier/ucrr8a.pfb></usr/local/texlive/2025/t
exmf-dist/fonts/type1/urw/times/utmb8a.pfb></usr/local/texlive/2025/texmf-dist/
fonts/type1/urw/times/utmr8a.pfb></usr/local/texlive/2025/texmf-dist/fonts/type
1/urw/times/utmri8a.pfb></usr/local/texlive/2025/texmf-dist/fonts/type1/public/
tipa/xipa10.pfb>
Output written on nko_paper_v3.pdf (17 pages, 274224 bytes).
PDF statistics:
 401 PDF objects out of 1000 (max. 8388607)
 342 compressed objects within 4 object streams
 83 named destinations out of 1000 (max. 500000)
 225 words of extra memory for PDF output out of 10000 (max. 10000000)

