This is pdfTeX, Version 3.141592653-2.6-1.40.27 (TeX Live 2025) (preloaded format=pdflatex 2025.3.8)  18 MAR 2026 20:06
entering extended mode
 restricted \write18 enabled.
 %&-line parsing enabled.
**nko_asr_paper_v2.tex
(./nko_asr_paper_v2.tex
LaTeX2e <2024-11-01> patch level 2
L3 programming layer <2025-01-18>
(/usr/local/texlive/2025/texmf-dist/tex/latex/base/article.cls
Document Class: article 2024/06/29 v1.4n Standard LaTeX document class
(/usr/local/texlive/2025/texmf-dist/tex/latex/base/size10.clo
File: size10.clo 2024/06/29 v1.4n Standard LaTeX file (size option)
)
\c@part=\count196
\c@section=\count197
\c@subsection=\count198
\c@subsubsection=\count199
\c@paragraph=\count266
\c@subparagraph=\count267
\c@figure=\count268
\c@table=\count269
\abovecaptionskip=\skip49
\belowcaptionskip=\skip50
\bibindent=\dimen141
)
(/usr/local/texlive/2025/texmf-dist/tex/latex/xcolor/xcolor.sty
Package: xcolor 2024/09/29 v3.02 LaTeX color extensions (UK)

(/usr/local/texlive/2025/texmf-dist/tex/latex/graphics-cfg/color.cfg
File: color.cfg 2016/01/02 v1.6 sample color configuration
)
Package xcolor Info: Driver file: pdftex.def on input line 274.

(/usr/local/texlive/2025/texmf-dist/tex/latex/graphics-def/pdftex.def
File: pdftex.def 2024/04/13 v1.2c Graphics/color driver for pdftex
)
(/usr/local/texlive/2025/texmf-dist/tex/latex/graphics/mathcolor.ltx)
Package xcolor Info: Model `cmy' substituted by `cmy0' on input line 1349.
Package xcolor Info: Model `hsb' substituted by `rgb' on input line 1353.
Package xcolor Info: Model `RGB' extended on input line 1365.
Package xcolor Info: Model `HTML' substituted by `rgb' on input line 1367.
Package xcolor Info: Model `Hsb' substituted by `hsb' on input line 1368.
Package xcolor Info: Model `tHsb' substituted by `hsb' on input line 1369.
Package xcolor Info: Model `HSB' substituted by `hsb' on input line 1370.
Package xcolor Info: Model `Gray' substituted by `gray' on input line 1371.
Package xcolor Info: Model `wave' substituted by `hsb' on input line 1372.
)
(/usr/local/texlive/2025/texmf-dist/tex/latex/amsmath/amsmath.sty
Package: amsmath 2024/11/05 v2.17t AMS math features
\@mathmargin=\skip51

For additional information on amsmath, use the `?' option.
(/usr/local/texlive/2025/texmf-dist/tex/latex/amsmath/amstext.sty
Package: amstext 2021/08/26 v2.01 AMS text

(/usr/local/texlive/2025/texmf-dist/tex/latex/amsmath/amsgen.sty
File: amsgen.sty 1999/11/30 v2.0 generic functions
\@emptytoks=\toks17
\ex@=\dimen142
))
(/usr/local/texlive/2025/texmf-dist/tex/latex/amsmath/amsbsy.sty
Package: amsbsy 1999/11/29 v1.2d Bold Symbols
\pmbraise@=\dimen143
)
(/usr/local/texlive/2025/texmf-dist/tex/latex/amsmath/amsopn.sty
Package: amsopn 2022/04/08 v2.04 operator names
)
\inf@bad=\count270
LaTeX Info: Redefining \frac on input line 233.
\uproot@=\count271
\leftroot@=\count272
LaTeX Info: Redefining \overline on input line 398.
LaTeX Info: Redefining \colon on input line 409.
\classnum@=\count273
\DOTSCASE@=\count274
LaTeX Info: Redefining \ldots on input line 495.
LaTeX Info: Redefining \dots on input line 498.
LaTeX Info: Redefining \cdots on input line 619.
\Mathstrutbox@=\box52
\strutbox@=\box53
LaTeX Info: Redefining \big on input line 721.
LaTeX Info: Redefining \Big on input line 722.
LaTeX Info: Redefining \bigg on input line 723.
LaTeX Info: Redefining \Bigg on input line 724.
\big@size=\dimen144
LaTeX Font Info:    Redeclaring font encoding OML on input line 742.
LaTeX Font Info:    Redeclaring font encoding OMS on input line 743.
\macc@depth=\count275
LaTeX Info: Redefining \bmod on input line 904.
LaTeX Info: Redefining \pmod on input line 909.
LaTeX Info: Redefining \smash on input line 939.
LaTeX Info: Redefining \relbar on input line 969.
LaTeX Info: Redefining \Relbar on input line 970.
\c@MaxMatrixCols=\count276
\dotsspace@=\muskip17
\c@parentequation=\count277
\dspbrk@lvl=\count278
\tag@help=\toks18
\row@=\count279
\column@=\count280
\maxfields@=\count281
\andhelp@=\toks19
\eqnshift@=\dimen145
\alignsep@=\dimen146
\tagshift@=\dimen147
\tagwidth@=\dimen148
\totwidth@=\dimen149
\lineht@=\dimen150
\@envbody=\toks20
\multlinegap=\skip52
\multlinetaggap=\skip53
\mathdisplay@stack=\toks21
LaTeX Info: Redefining \[ on input line 2953.
LaTeX Info: Redefining \] on input line 2954.
)
(/usr/local/texlive/2025/texmf-dist/tex/latex/amsfonts/amssymb.sty
Package: amssymb 2013/01/14 v3.01 AMS font symbols

(/usr/local/texlive/2025/texmf-dist/tex/latex/amsfonts/amsfonts.sty
Package: amsfonts 2013/01/14 v3.01 Basic AMSFonts support
\symAMSa=\mathgroup4
\symAMSb=\mathgroup5
LaTeX Font Info:    Redeclaring math symbol \hbar on input line 98.
LaTeX Font Info:    Overwriting math alphabet `\mathfrak' in version `bold'
(Font)                  U/euf/m/n --> U/euf/b/n on input line 106.
))
(/usr/local/texlive/2025/texmf-dist/tex/generic/iftex/iftex.sty
Package: iftex 2024/12/12 v1.0g TeX engine tests
)
(/usr/local/texlive/2025/texmf-dist/tex/latex/base/fontenc.sty
Package: fontenc 2021/04/29 v2.0v Standard LaTeX package
)
(/usr/local/texlive/2025/texmf-dist/tex/latex/base/inputenc.sty
Package: inputenc 2024/02/08 v1.3d Input encoding file
\inpenc@prehook=\toks22
\inpenc@posthook=\toks23
)
(/usr/local/texlive/2025/texmf-dist/tex/latex/base/textcomp.sty
Package: textcomp 2024/04/24 v2.1b Standard LaTeX package
)
(/usr/local/texlive/2025/texmf-dist/tex/latex/lm/lmodern.sty
Package: lmodern 2015/05/01 v1.6.1 Latin Modern Fonts
LaTeX Font Info:    Overwriting symbol font `operators' in version `normal'
(Font)                  OT1/cmr/m/n --> OT1/lmr/m/n on input line 22.
LaTeX Font Info:    Overwriting symbol font `letters' in version `normal'
(Font)                  OML/cmm/m/it --> OML/lmm/m/it on input line 23.
LaTeX Font Info:    Overwriting symbol font `symbols' in version `normal'
(Font)                  OMS/cmsy/m/n --> OMS/lmsy/m/n on input line 24.
LaTeX Font Info:    Overwriting symbol font `largesymbols' in version `normal'
(Font)                  OMX/cmex/m/n --> OMX/lmex/m/n on input line 25.
LaTeX Font Info:    Overwriting symbol font `operators' in version `bold'
(Font)                  OT1/cmr/bx/n --> OT1/lmr/bx/n on input line 26.
LaTeX Font Info:    Overwriting symbol font `letters' in version `bold'
(Font)                  OML/cmm/b/it --> OML/lmm/b/it on input line 27.
LaTeX Font Info:    Overwriting symbol font `symbols' in version `bold'
(Font)                  OMS/cmsy/b/n --> OMS/lmsy/b/n on input line 28.
LaTeX Font Info:    Overwriting symbol font `largesymbols' in version `bold'
(Font)                  OMX/cmex/m/n --> OMX/lmex/m/n on input line 29.
LaTeX Font Info:    Overwriting math alphabet `\mathbf' in version `normal'
(Font)                  OT1/cmr/bx/n --> OT1/lmr/bx/n on input line 31.
LaTeX Font Info:    Overwriting math alphabet `\mathsf' in version `normal'
(Font)                  OT1/cmss/m/n --> OT1/lmss/m/n on input line 32.
LaTeX Font Info:    Overwriting math alphabet `\mathit' in version `normal'
(Font)                  OT1/cmr/m/it --> OT1/lmr/m/it on input line 33.
LaTeX Font Info:    Overwriting math alphabet `\mathtt' in version `normal'
(Font)                  OT1/cmtt/m/n --> OT1/lmtt/m/n on input line 34.
LaTeX Font Info:    Overwriting math alphabet `\mathbf' in version `bold'
(Font)                  OT1/cmr/bx/n --> OT1/lmr/bx/n on input line 35.
LaTeX Font Info:    Overwriting math alphabet `\mathsf' in version `bold'
(Font)                  OT1/cmss/bx/n --> OT1/lmss/bx/n on input line 36.
LaTeX Font Info:    Overwriting math alphabet `\mathit' in version `bold'
(Font)                  OT1/cmr/bx/it --> OT1/lmr/bx/it on input line 37.
LaTeX Font Info:    Overwriting math alphabet `\mathtt' in version `bold'
(Font)                  OT1/cmtt/m/n --> OT1/lmtt/m/n on input line 38.
)
(/usr/local/texlive/2025/texmf-dist/tex/latex/upquote/upquote.sty
Package: upquote 2012/04/19 v1.3 upright-quote and grave-accent glyphs in verba
tim
)
(/usr/local/texlive/2025/texmf-dist/tex/latex/microtype/microtype.sty
Package: microtype 2025/02/11 v3.2a Micro-typographical refinements (RS)

(/usr/local/texlive/2025/texmf-dist/tex/latex/graphics/keyval.sty
Package: keyval 2022/05/29 v1.15 key=value parser (DPC)
\KV@toks@=\toks24
)
(/usr/local/texlive/2025/texmf-dist/tex/latex/etoolbox/etoolbox.sty
Package: etoolbox 2025/02/11 v2.5l e-TeX tools for LaTeX (JAW)
\etb@tempcnta=\count282
)
\MT@toks=\toks25
\MT@tempbox=\box54
\MT@count=\count283
LaTeX Info: Redefining \noprotrusionifhmode on input line 1087.
LaTeX Info: Redefining \leftprotrusion on input line 1088.
\MT@prot@toks=\toks26
LaTeX Info: Redefining \rightprotrusion on input line 1107.
LaTeX Info: Redefining \textls on input line 1449.
\MT@outer@kern=\dimen151
LaTeX Info: Redefining \microtypecontext on input line 2053.
LaTeX Info: Redefining \textmicrotypecontext on input line 2070.
\MT@listname@count=\count284

(/usr/local/texlive/2025/texmf-dist/tex/latex/microtype/microtype-pdftex.def
File: microtype-pdftex.def 2025/02/11 v3.2a Definitions specific to pdftex (RS)

LaTeX Info: Redefining \lsstyle on input line 944.
LaTeX Info: Redefining \lslig on input line 944.
\MT@outer@space=\skip54
)
Package microtype Info: Loading configuration file microtype.cfg.

(/usr/local/texlive/2025/texmf-dist/tex/latex/microtype/microtype.cfg
File: microtype.cfg 2025/02/11 v3.2a microtype main configuration file (RS)
)
LaTeX Info: Redefining \microtypesetup on input line 3065.
)
(/usr/local/texlive/2025/texmf-dist/tex/latex/parskip/parskip.sty
Package: parskip 2021-03-14 v2.0h non-zero parskip adjustments

(/usr/local/texlive/2025/texmf-dist/tex/latex/kvoptions/kvoptions.sty
Package: kvoptions 2022-06-15 v3.15 Key value format for package options (HO)

(/usr/local/texlive/2025/texmf-dist/tex/generic/ltxcmds/ltxcmds.sty
Package: ltxcmds 2023-12-04 v1.26 LaTeX kernel commands for general use (HO)
)
(/usr/local/texlive/2025/texmf-dist/tex/latex/kvsetkeys/kvsetkeys.sty
Package: kvsetkeys 2022-10-05 v1.19 Key value parser (HO)
)))
(/usr/local/texlive/2025/texmf-dist/tex/latex/tools/longtable.sty
Package: longtable 2024-10-27 v4.22 Multi-page Table package (DPC)
\LTleft=\skip55
\LTright=\skip56
\LTpre=\skip57
\LTpost=\skip58
\LTchunksize=\count285
\LTcapwidth=\dimen152
\LT@head=\box55
\LT@firsthead=\box56
\LT@foot=\box57
\LT@lastfoot=\box58
\LT@gbox=\box59
\LT@cols=\count286
\LT@rows=\count287
\c@LT@tables=\count288
\c@LT@chunks=\count289
\LT@p@ftn=\toks27
)
(/usr/local/texlive/2025/texmf-dist/tex/latex/booktabs/booktabs.sty
Package: booktabs 2020/01/12 v1.61803398 Publication quality tables
\heavyrulewidth=\dimen153
\lightrulewidth=\dimen154
\cmidrulewidth=\dimen155
\belowrulesep=\dimen156
\belowbottomsep=\dimen157
\aboverulesep=\dimen158
\abovetopsep=\dimen159
\cmidrulesep=\dimen160
\cmidrulekern=\dimen161
\defaultaddspace=\dimen162
\@cmidla=\count290
\@cmidlb=\count291
\@aboverulesep=\dimen163
\@belowrulesep=\dimen164
\@thisruleclass=\count292
\@lastruleclass=\count293
\@thisrulewidth=\dimen165
)
(/usr/local/texlive/2025/texmf-dist/tex/latex/tools/array.sty
Package: array 2024/10/17 v2.6g Tabular extension package (FMi)
\col@sep=\dimen166
\ar@mcellbox=\box60
\extrarowheight=\dimen167
\NC@list=\toks28
\extratabsurround=\skip59
\backup@length=\skip60
\ar@cellbox=\box61
)
\c@none=\count294

(/usr/local/texlive/2025/texmf-dist/tex/latex/tools/calc.sty
Package: calc 2023/07/08 v4.3 Infix arithmetic (KKT,FJ)
\calc@Acount=\count295
\calc@Bcount=\count296
\calc@Adimen=\dimen168
\calc@Bdimen=\dimen169
\calc@Askip=\skip61
\calc@Bskip=\skip62
LaTeX Info: Redefining \setlength on input line 80.
LaTeX Info: Redefining \addtolength on input line 81.
\calc@Ccount=\count297
\calc@Cskip=\skip63
)
(/usr/local/texlive/2025/texmf-dist/tex/latex/footnotehyper/footnotehyper.sty
Package: footnotehyper 2021/08/13 v1.1e hyperref aware footnote.sty (JFB)
\FNH@notes=\box62
\FNH@width=\dimen170
\FNH@toks=\toks29
)
(/usr/local/texlive/2025/texmf-dist/tex/latex/bookmark/bookmark.sty
Package: bookmark 2023-12-10 v1.31 PDF bookmarks (HO)

(/usr/local/texlive/2025/texmf-dist/tex/latex/hyperref/hyperref.sty
Package: hyperref 2024-11-05 v7.01l Hypertext links for LaTeX

(/usr/local/texlive/2025/texmf-dist/tex/generic/kvdefinekeys/kvdefinekeys.sty
Package: kvdefinekeys 2019-12-19 v1.6 Define keys (HO)
)
(/usr/local/texlive/2025/texmf-dist/tex/generic/pdfescape/pdfescape.sty
Package: pdfescape 2019/12/09 v1.15 Implements pdfTeX's escape features (HO)

(/usr/local/texlive/2025/texmf-dist/tex/generic/pdftexcmds/pdftexcmds.sty
Package: pdftexcmds 2020-06-27 v0.33 Utility functions of pdfTeX for LuaTeX (HO
)

(/usr/local/texlive/2025/texmf-dist/tex/generic/infwarerr/infwarerr.sty
Package: infwarerr 2019/12/03 v1.5 Providing info/warning/error messages (HO)
)
Package pdftexcmds Info: \pdf@primitive is available.
Package pdftexcmds Info: \pdf@ifprimitive is available.
Package pdftexcmds Info: \pdfdraftmode found.
))
(/usr/local/texlive/2025/texmf-dist/tex/latex/hycolor/hycolor.sty
Package: hycolor 2020-01-27 v1.10 Color options for hyperref/bookmark (HO)
)
(/usr/local/texlive/2025/texmf-dist/tex/latex/hyperref/nameref.sty
Package: nameref 2023-11-26 v2.56 Cross-referencing by name of section

(/usr/local/texlive/2025/texmf-dist/tex/latex/refcount/refcount.sty
Package: refcount 2019/12/15 v3.6 Data extraction from label references (HO)
)
(/usr/local/texlive/2025/texmf-dist/tex/generic/gettitlestring/gettitlestring.s
ty
Package: gettitlestring 2019/12/15 v1.6 Cleanup title references (HO)
)
\c@section@level=\count298
) (/usr/local/texlive/2025/texmf-dist/tex/generic/stringenc/stringenc.sty
Package: stringenc 2019/11/29 v1.12 Convert strings between diff. encodings (HO
)
)
\@linkdim=\dimen171
\Hy@linkcounter=\count299
\Hy@pagecounter=\count300

(/usr/local/texlive/2025/texmf-dist/tex/latex/hyperref/pd1enc.def
File: pd1enc.def 2024-11-05 v7.01l Hyperref: PDFDocEncoding definition (HO)
Now handling font encoding PD1 ...
... no UTF-8 mapping file for font encoding PD1
)
(/usr/local/texlive/2025/texmf-dist/tex/generic/intcalc/intcalc.sty
Package: intcalc 2019/12/15 v1.3 Expandable calculations with integers (HO)
)
\Hy@SavedSpaceFactor=\count301

(/usr/local/texlive/2025/texmf-dist/tex/latex/hyperref/puenc.def
File: puenc.def 2024-11-05 v7.01l Hyperref: PDF Unicode definition (HO)
Now handling font encoding PU ...
... no UTF-8 mapping file for font encoding PU
)
Package hyperref Info: Option `unicode' set `true' on input line 4040.
Package hyperref Info: Hyper figures OFF on input line 4157.
Package hyperref Info: Link nesting OFF on input line 4162.
Package hyperref Info: Hyper index ON on input line 4165.
Package hyperref Info: Plain pages OFF on input line 4172.
Package hyperref Info: Backreferencing OFF on input line 4177.
Package hyperref Info: Implicit mode ON; LaTeX internals redefined.
Package hyperref Info: Bookmarks ON on input line 4424.
\c@Hy@tempcnt=\count302

(/usr/local/texlive/2025/texmf-dist/tex/latex/url/url.sty
\Urlmuskip=\muskip18
Package: url 2013/09/16  ver 3.4  Verb mode for urls, etc.
)
LaTeX Info: Redefining \url on input line 4763.
\XeTeXLinkMargin=\dimen172

(/usr/local/texlive/2025/texmf-dist/tex/generic/bitset/bitset.sty
Package: bitset 2019/12/09 v1.3 Handle bit-vector datatype (HO)

(/usr/local/texlive/2025/texmf-dist/tex/generic/bigintcalc/bigintcalc.sty
Package: bigintcalc 2019/12/15 v1.5 Expandable calculations on big integers (HO
)
))
\Fld@menulength=\count303
\Field@Width=\dimen173
\Fld@charsize=\dimen174
Package hyperref Info: Hyper figures OFF on input line 6042.
Package hyperref Info: Link nesting OFF on input line 6047.
Package hyperref Info: Hyper index ON on input line 6050.
Package hyperref Info: backreferencing OFF on input line 6057.
Package hyperref Info: Link coloring OFF on input line 6062.
Package hyperref Info: Link coloring with OCG OFF on input line 6067.
Package hyperref Info: PDF/A mode OFF on input line 6072.

(/usr/local/texlive/2025/texmf-dist/tex/latex/base/atbegshi-ltx.sty
Package: atbegshi-ltx 2021/01/10 v1.0c Emulation of the original atbegshi
package with kernel methods
)
\Hy@abspage=\count304
\c@Item=\count305
\c@Hfootnote=\count306
)
Package hyperref Info: Driver (autodetected): hpdftex.

(/usr/local/texlive/2025/texmf-dist/tex/latex/hyperref/hpdftex.def
File: hpdftex.def 2024-11-05 v7.01l Hyperref driver for pdfTeX

(/usr/local/texlive/2025/texmf-dist/tex/latex/base/atveryend-ltx.sty
Package: atveryend-ltx 2020/08/19 v1.0a Emulation of the original atveryend pac
kage
with kernel methods
)
\Fld@listcount=\count307
\c@bookmark@seq@number=\count308

(/usr/local/texlive/2025/texmf-dist/tex/latex/rerunfilecheck/rerunfilecheck.sty
Package: rerunfilecheck 2022-07-10 v1.10 Rerun checks for auxiliary files (HO)

(/usr/local/texlive/2025/texmf-dist/tex/generic/uniquecounter/uniquecounter.sty
Package: uniquecounter 2019/12/15 v1.4 Provide unlimited unique counter (HO)
)
Package uniquecounter Info: New unique counter `rerunfilecheck' on input line 2
85.
)
\Hy@SectionHShift=\skip64
) (/usr/local/texlive/2025/texmf-dist/tex/latex/bookmark/bkm-pdftex.def
File: bkm-pdftex.def 2023-12-10 v1.31 bookmark driver for pdfTeX and luaTeX (HO
)
\BKM@id=\count309
))
(/usr/local/texlive/2025/texmf-dist/tex/latex/xurl/xurl.sty
Package: xurl 2022/01/09 v 0.10 modify URL breaks
)
LaTeX Font Info:    Trying to load font information for T1+lmr on input line 63
.

(/usr/local/texlive/2025/texmf-dist/tex/latex/lm/t1lmr.fd
File: t1lmr.fd 2015/05/01 v1.6.1 Font defs for Latin Modern
)
(/usr/local/texlive/2025/texmf-dist/tex/latex/l3backend/l3backend-pdftex.def
File: l3backend-pdftex.def 2024-05-08 L3 backend support: PDF output (pdfTeX)
\l__color_backend_stack_int=\count310
\l__pdf_internal_box=\box63
)
No file nko_asr_paper_v2.aux.
\openout1 = `nko_asr_paper_v2.aux'.

LaTeX Font Info:    Checking defaults for OML/cmm/m/it on input line 63.
LaTeX Font Info:    ... okay on input line 63.
LaTeX Font Info:    Checking defaults for OMS/cmsy/m/n on input line 63.
LaTeX Font Info:    ... okay on input line 63.
LaTeX Font Info:    Checking defaults for OT1/cmr/m/n on input line 63.
LaTeX Font Info:    ... okay on input line 63.
LaTeX Font Info:    Checking defaults for T1/cmr/m/n on input line 63.
LaTeX Font Info:    ... okay on input line 63.
LaTeX Font Info:    Checking defaults for TS1/cmr/m/n on input line 63.
LaTeX Font Info:    ... okay on input line 63.
LaTeX Font Info:    Checking defaults for OMX/cmex/m/n on input line 63.
LaTeX Font Info:    ... okay on input line 63.
LaTeX Font Info:    Checking defaults for U/cmr/m/n on input line 63.
LaTeX Font Info:    ... okay on input line 63.
LaTeX Font Info:    Checking defaults for PD1/pdf/m/n on input line 63.
LaTeX Font Info:    ... okay on input line 63.
LaTeX Font Info:    Checking defaults for PU/pdf/m/n on input line 63.
LaTeX Font Info:    ... okay on input line 63.
(/usr/local/texlive/2025/texmf-dist/tex/context/base/mkii/supp-pdf.mkii
[Loading MPS to PDF converter (version 2006.09.02).]
\scratchcounter=\count311
\scratchdimen=\dimen175
\scratchbox=\box64
\nofMPsegments=\count312
\nofMParguments=\count313
\everyMPshowfont=\toks30
\MPscratchCnt=\count314
\MPscratchDim=\dimen176
\MPnumerator=\count315
\makeMPintoPDFobject=\count316
\everyMPtoPDFconversion=\toks31
)
LaTeX Info: Redefining \microtypecontext on input line 63.
Package microtype Info: Applying patch `item' on input line 63.
Package microtype Info: Applying patch `toc' on input line 63.
Package microtype Info: Applying patch `eqnum' on input line 63.
Package microtype Info: Applying patch `footnote' on input line 63.
Package microtype Info: Applying patch `verbatim' on input line 63.
LaTeX Info: Redefining \microtypesetup on input line 63.
Package microtype Info: Generating PDF output.
Package microtype Info: Character protrusion enabled (level 2).
Package microtype Info: Using protrusion set `basicmath'.
Package microtype Info: Automatic font expansion enabled (level 2),
(microtype)             stretch: 20, shrink: 20, step: 1, non-selected.
Package microtype Info: Using default expansion set `alltext-nott'.
LaTeX Info: Redefining \showhyphens on input line 63.
Package microtype Info: No adjustment of tracking.
Package microtype Info: No adjustment of interword spacing.
Package microtype Info: No adjustment of character kerning.
 (/usr/local/texlive/2025/texmf-dist/tex/latex/microtype/mt-cmr.cfg
File: mt-cmr.cfg 2013/05/19 v2.2 microtype config. file: Computer Modern Roman 
(RS)
)
Package hyperref Info: Link coloring OFF on input line 63.

Overfull \hbox (4.22862pt too wide) in paragraph at lines 69--71
\T1/lmr/bx/n/10 (-20) Mohamed Diomande \T1/lmr/m/n/10 (-20) In-de-pen-dent Re-s
earcher con-tact@mohameddiomande.com 
 []


! LaTeX Error: Unicode character ߒ (U+07D2)
               not set up for use with LaTeX.

See the LaTeX manual or LaTeX Companion for explanation.
Type  H <return>  for immediate help.
 ...                                              
                                                  
l.114 ...rregular spellings. The name ``N'Ko'' (ߒ
                                                  ߞߏ) means ``I
You may provide a definition with
\DeclareUnicodeCharacter 


! LaTeX Error: Unicode character ߞ (U+07DE)
               not set up for use with LaTeX.

See the LaTeX manual or LaTeX Companion for explanation.
Type  H <return>  for immediate help.
 ...                                              
                                                  
l.114 ...egular spellings. The name ``N'Ko'' (ߒߞ
                                                  ߏ) means ``I
You may provide a definition with
\DeclareUnicodeCharacter 


! LaTeX Error: Unicode character ߏ (U+07CF)
               not set up for use with LaTeX.

See the LaTeX manual or LaTeX Companion for explanation.
Type  H <return>  for immediate help.
 ...                                              
                                                  
l.114 ...ular spellings. The name ``N'Ko'' (ߒߞߏ
                                                  ) means ``I
You may provide a definition with
\DeclareUnicodeCharacter 



[1

{/usr/local/texlive/2025/texmf-var/fonts/map/pdftex/updmap/pdftex.map}{/usr/loc
al/texlive/2025/texmf-dist/fonts/enc/dvips/lm/lm-ec.enc}]

LaTeX Warning: Citation `maliba2024bambara' on page 2 undefined on input line 1
83.



[2]

LaTeX Warning: Citation `bambara_survey_2026' on page 3 undefined on input line
 191.


LaTeX Warning: Citation `bayelemabaga2025' on page 3 undefined on input line 19
4.


LaTeX Warning: Citation `wmt2023nko' on page 3 undefined on input line 196.

LaTeX Font Info:    Trying to load font information for TS1+lmr on input line 1
97.
(/usr/local/texlive/2025/texmf-dist/tex/latex/lm/ts1lmr.fd
File: ts1lmr.fd 2015/05/01 v1.6.1 Font defs for Latin Modern
)

LaTeX Warning: Citation `radford2023robust' on page 3 undefined on input line 2
08.


LaTeX Warning: Citation `baevski2020wav2vec' on page 3 undefined on input line 
209.


LaTeX Warning: Citation `hsu2021hubert' on page 3 undefined on input line 209.

! Undefined control sequence.
l.216 \citet
            {graves2006connectionist} as a method for labeling unsegmented
The control sequence at the end of the top line
of your error message was never \def'ed. If you have
misspelled it (e.g., `\hobx'), type `I' and the correct
spelling (e.g., `I\hbox'). Otherwise just continue,
and I'll forget about whatever was undefined.


Overfull \hbox (29.44751pt too wide) in paragraph at lines 215--222
[]\T1/lmr/m/n/10 (-20) CTC (Con-nec-tion-ist Tem-po-ral Clas-si-fi-ca-tion) was
 in-tro-duced by graves2006connectionist
 []


LaTeX Warning: Citation `park2019specaugment' on page 3 undefined on input line
 223.


LaTeX Warning: Citation `radford2023robust' on page 3 undefined on input line 2
27.

! Undefined control sequence.
l.237 \citet
            {doumbouya2021} (nicolingua) established the largest public N'Ko
The control sequence at the end of the top line
of your error message was never \def'ed. If you have
misspelled it (e.g., `\hobx'), type `I' and the correct
spelling (e.g., `I\hbox'). Otherwise just continue,
and I'll forget about whatever was undefined.

! Undefined control sequence.
l.238 text corpus. \citet
                         {tonja2023natural} surveys NLP for Ethiopic/Ge'ez, a
The control sequence at the end of the top line
of your error message was never \def'ed. If you have
misspelled it (e.g., `\hobx'), type `I' and the correct
spelling (e.g., `I\hbox'). Otherwise just continue,
and I'll forget about whatever was undefined.



[3{/usr/local/texlive/2025/texmf-dist/fonts/enc/dvips/lm/lm-ts1.enc}]
! Undefined control sequence.
l.243 Layer analysis methodology follows \citet
                                               {ng2024rys} (Revisit Your
The control sequence at the end of the top line
of your error message was never \def'ed. If you have
misspelled it (e.g., `\hobx'), type `I' and the correct
spelling (e.g., `I\hbox'). Otherwise just continue,
and I'll forget about whatever was undefined.


LaTeX Warning: Citation `hu2022lora' on page 4 undefined on input line 248.

LaTeX Font Info:    Trying to load font information for OT1+lmr on input line 2
60.
(/usr/local/texlive/2025/texmf-dist/tex/latex/lm/ot1lmr.fd
File: ot1lmr.fd 2015/05/01 v1.6.1 Font defs for Latin Modern
)
LaTeX Font Info:    Trying to load font information for OML+lmm on input line 2
60.

(/usr/local/texlive/2025/texmf-dist/tex/latex/lm/omllmm.fd
File: omllmm.fd 2015/05/01 v1.6.1 Font defs for Latin Modern
)
LaTeX Font Info:    Trying to load font information for OMS+lmsy on input line 
260.

(/usr/local/texlive/2025/texmf-dist/tex/latex/lm/omslmsy.fd
File: omslmsy.fd 2015/05/01 v1.6.1 Font defs for Latin Modern
)
LaTeX Font Info:    Trying to load font information for OMX+lmex on input line 
260.

(/usr/local/texlive/2025/texmf-dist/tex/latex/lm/omxlmex.fd
File: omxlmex.fd 2015/05/01 v1.6.1 Font defs for Latin Modern
)
LaTeX Font Info:    External font `lmex10' loaded for size
(Font)              <10> on input line 260.
LaTeX Font Info:    External font `lmex10' loaded for size
(Font)              <7> on input line 260.
LaTeX Font Info:    External font `lmex10' loaded for size
(Font)              <5> on input line 260.
LaTeX Font Info:    Trying to load font information for U+msa on input line 260
.

(/usr/local/texlive/2025/texmf-dist/tex/latex/amsfonts/umsa.fd
File: umsa.fd 2013/01/14 v3.01 AMS symbols A
)
(/usr/local/texlive/2025/texmf-dist/tex/latex/microtype/mt-msa.cfg
File: mt-msa.cfg 2006/02/04 v1.1 microtype config. file: AMS symbols (a) (RS)
)
LaTeX Font Info:    Trying to load font information for U+msb on input line 260
.

(/usr/local/texlive/2025/texmf-dist/tex/latex/amsfonts/umsb.fd
File: umsb.fd 2013/01/14 v3.01 AMS symbols B
)
(/usr/local/texlive/2025/texmf-dist/tex/latex/microtype/mt-msb.cfg
File: mt-msb.cfg 2005/06/01 v1.0 microtype config. file: AMS symbols (b) (RS)
)

[4{/usr/local/texlive/2025/texmf-dist/fonts/enc/dvips/lm/lm-mathit.enc}{/usr/lo
cal/texlive/2025/texmf-dist/fonts/enc/dvips/lm/lm-rm.enc}{/usr/local/texlive/20
25/texmf-dist/fonts/enc/dvips/lm/lm-mathsy.enc}{/usr/local/texlive/2025/texmf-d
ist/fonts/enc/dvips/lm/lm-mathex.enc}]

Package longtable Warning: Column widths have changed
(longtable)                in none 1 on input line 311.

[5]

LaTeX Warning: Citation `ng2024rys' on page 6 undefined on input line 383.


Underfull \hbox (badness 1314) in paragraph at lines 387--392
[]\T1/lmr/bx/n/10 (+20) Configuration space. \T1/lmr/m/n/10 (+20) We test 55 co
n-fig-u-ra-tions: start-ing layer in
 []


Package longtable Warning: Column widths have changed
(longtable)                in none 4 on input line 415.

[6]

[7]

Package longtable Warning: Column widths have changed
(longtable)                in none 5 on input line 498.


Package longtable Warning: Column widths have changed
(longtable)                in none 6 on input line 523.



[8]

! LaTeX Error: Unicode character ɲ (U+0272)
               not set up for use with LaTeX.

See the LaTeX manual or LaTeX Companion for explanation.
Type  H <return>  for immediate help.
 ...                                              
                                                  
l.561 digraphs such as ``ny'' (\(\to\) /ɲ
                                          /) and ``ng'' (\(\to\) /ŋ/) mean the

You may provide a definition with
\DeclareUnicodeCharacter 


! LaTeX Error: Unicode character ɲ (U+0272)
               not set up for use with LaTeX.

See the LaTeX manual or LaTeX Companion for explanation.
Type  H <return>  for immediate help.
 ...                                              
                                                  
l.587 ``ny'' maps to /ɲ
                        / before ``n'' maps to /n/, preventing greedy
You may provide a definition with
\DeclareUnicodeCharacter 



[9]

! LaTeX Error: Unicode character ߠ (U+07E0)
               not set up for use with LaTeX.

See the LaTeX manual or LaTeX Companion for explanation.
Type  H <return>  for immediate help.
 ...                                              
                                                  
l.603   Greedy ``na'' → ߠ
                             match that corrupted any word containing the
You may provide a definition with
\DeclareUnicodeCharacter 


! LaTeX Error: Unicode character ߜ (U+07DC)
               not set up for use with LaTeX.

See the LaTeX manual or LaTeX Companion for explanation.
Type  H <return>  for immediate help.
 ...                                              
                                                  
l.608   Missing ``g'' → ߜ
                             (U+07DC) mapping. Any word with /g/ produced a
You may provide a definition with
\DeclareUnicodeCharacter 


! LaTeX Error: Unicode character ߛ (U+07DB)
               not set up for use with LaTeX.

See the LaTeX manual or LaTeX Companion for explanation.
Type  H <return>  for immediate help.
 ...                                              
                                                  
l.611   Missing ``z'' → ߛ
                            , ``ə'' → ߐ, ``ʃ'' → ߛ mappings (IPA sym...

You may provide a definition with
\DeclareUnicodeCharacter 


! LaTeX Error: Unicode character ə (U+0259)
               not set up for use with LaTeX.

See the LaTeX manual or LaTeX Companion for explanation.
Type  H <return>  for immediate help.
 ...                                              
                                                  
l.611   Missing ``z'' → ߛ, ``ə
                                  '' → ߐ, ``ʃ'' → ߛ mappings (IPA sym...

You may provide a definition with
\DeclareUnicodeCharacter 


! LaTeX Error: Unicode character ߐ (U+07D0)
               not set up for use with LaTeX.

See the LaTeX manual or LaTeX Companion for explanation.
Type  H <return>  for immediate help.
 ...                                              
                                                  
l.611   Missing ``z'' → ߛ, ``ə'' → ߐ
                                           , ``ʃ'' → ߛ mappings (IPA sym...

You may provide a definition with
\DeclareUnicodeCharacter 


! LaTeX Error: Unicode character ʃ (U+0283)
               not set up for use with LaTeX.

See the LaTeX manual or LaTeX Companion for explanation.
Type  H <return>  for immediate help.
 ...                                              
                                                  
l.611   Missing ``z'' → ߛ, ``ə'' → ߐ, ``ʃ
                                                 '' → ߛ mappings (IPA sym...

You may provide a definition with
\DeclareUnicodeCharacter 


! LaTeX Error: Unicode character ߛ (U+07DB)
               not set up for use with LaTeX.

See the LaTeX manual or LaTeX Companion for explanation.
Type  H <return>  for immediate help.
 ...                                              
                                                  
l.611 ...`z'' → ߛ, ``ə'' → ߐ, ``ʃ'' → ߛ
                                                   mappings (IPA symbols pro...

You may provide a definition with
\DeclareUnicodeCharacter 


! LaTeX Error: Unicode character ɲ (U+0272)
               not set up for use with LaTeX.

See the LaTeX manual or LaTeX Companion for explanation.
Type  H <return>  for immediate help.
 ...                                              
                                                  
l.614   Missing ``ɲ
                    '' → ߢ and ``ŋ'' → ߒ in the single-character IPA ...

You may provide a definition with
\DeclareUnicodeCharacter 


! LaTeX Error: Unicode character ߢ (U+07E2)
               not set up for use with LaTeX.

See the LaTeX manual or LaTeX Companion for explanation.
Type  H <return>  for immediate help.
 ...                                              
                                                  
l.614   Missing ``ɲ'' → ߢ
                              and ``ŋ'' → ߒ in the single-character IPA ...

You may provide a definition with
\DeclareUnicodeCharacter 


! LaTeX Error: Unicode character ߒ (U+07D2)
               not set up for use with LaTeX.

See the LaTeX manual or LaTeX Companion for explanation.
Type  H <return>  for immediate help.
 ...                                              
                                                  
l.614   Missing ``ɲ'' → ߢ and ``ŋ'' → ߒ
                                                in the single-character IPA ...

You may provide a definition with
\DeclareUnicodeCharacter 

LaTeX Font Info:    Trying to load font information for T1+lmtt on input line 6
19.
(/usr/local/texlive/2025/texmf-dist/tex/latex/lm/t1lmtt.fd
File: t1lmtt.fd 2015/05/01 v1.6.1 Font defs for Latin Modern
)
LaTeX Font Info:    Trying to load font information for TS1+lmtt on input line 
619.

(/usr/local/texlive/2025/texmf-dist/tex/latex/lm/ts1lmtt.fd
File: ts1lmtt.fd 2015/05/01 v1.6.1 Font defs for Latin Modern
)
Overfull \hbox (51.45012pt too wide) detected at line 650
[][]\OT1/lmr/m/n/10 (\OML/lmm/m/it/10 x\OT1/lmr/m/n/10 ) [] \U/msb/m/n/10 R[] \
OMS/lmsy/m/n/10 ! []\OT1/lmr/m/n/10 (1280\OML/lmm/m/it/10 ; \OT1/lmr/m/n/10 512
) \OMS/lmsy/m/n/10 ! [][]\OT1/lmr/m/n/10 (512) \OMS/lmsy/m/n/10 ! []\OT1/lmr/m/
n/10 (512\OML/lmm/m/it/10 ; \OT1/lmr/m/n/10 66)
 []



[10]
Overfull \hbox (1.05939pt too wide) in paragraph at lines 699--700
[]\T1/lmr/m/n/10 (-20) WER  
 []


Overfull \hbox (3.20232pt too wide) in paragraph at lines 707--707
[]|\T1/lmr/m/n/10 (-20) 78.1%|  
 []


Overfull \hbox (3.20232pt too wide) in paragraph at lines 707--707
[]|\T1/lmr/m/n/10 (-20) 98.2%|  
 []


Overfull \hbox (3.20232pt too wide) in paragraph at lines 708--708
[]|\T1/lmr/m/n/10 (-20) 71.3%|  
 []


Overfull \hbox (3.20232pt too wide) in paragraph at lines 708--708
[]|\T1/lmr/m/n/10 (-20) 95.7%|  
 []


Overfull \hbox (3.20232pt too wide) in paragraph at lines 709--709
[]|\T1/lmr/m/n/10 (-20) 66.2%|  
 []


Overfull \hbox (3.20232pt too wide) in paragraph at lines 709--709
[]|\T1/lmr/m/n/10 (-20) 93.1%|  
 []


Overfull \hbox (3.20232pt too wide) in paragraph at lines 710--710
[]|\T1/lmr/m/n/10 (-20) 60.4%|  
 []


Overfull \hbox (3.20232pt too wide) in paragraph at lines 710--710
[]|\T1/lmr/m/n/10 (-20) 89.8%|  
 []


Overfull \hbox (3.20232pt too wide) in paragraph at lines 711--711
[]|\T1/lmr/m/n/10 (-20) 58.1%|  
 []


Overfull \hbox (3.20232pt too wide) in paragraph at lines 711--711
[]|\T1/lmr/m/n/10 (-20) 87.3%|  
 []


Overfull \hbox (3.20232pt too wide) in paragraph at lines 712--712
[]|\T1/lmr/m/n/10 (-20) 50.3%|  
 []


Overfull \hbox (3.20232pt too wide) in paragraph at lines 712--712
[]|\T1/lmr/m/n/10 (-20) 82.4%|  
 []


Overfull \hbox (3.20232pt too wide) in paragraph at lines 713--713
[]|\T1/lmr/m/n/10 (-20) 49.1%|  
 []


Overfull \hbox (3.20232pt too wide) in paragraph at lines 713--713
[]|\T1/lmr/m/n/10 (-20) 81.2%|  
 []


Overfull \hbox (2.4483pt too wide) in paragraph at lines 714--714
[]|\T1/lmr/bx/n/10 (-20) Transformer|  
 []


Overfull \hbox (7.04068pt too wide) in paragraph at lines 715--715
[]|\T1/lmr/bx/n/10 (-20) 45.7%|  
 []


Overfull \hbox (7.04068pt too wide) in paragraph at lines 715--715
[]|\T1/lmr/bx/n/10 (-20) 78.6%|  
 []


Overfull \hbox (3.20232pt too wide) in paragraph at lines 716--716
[]|\T1/lmr/m/n/10 (-20) 59.4%|  
 []


Overfull \hbox (3.20232pt too wide) in paragraph at lines 716--716
[]|\T1/lmr/m/n/10 (-20) 88.3%|  
 []


Overfull \hbox (3.20232pt too wide) in paragraph at lines 717--717
[]|\T1/lmr/m/n/10 (-20) 51.2%|  
 []


Overfull \hbox (3.20232pt too wide) in paragraph at lines 717--717
[]|\T1/lmr/m/n/10 (-20) 83.7%|  
 []


Overfull \hbox (3.20232pt too wide) in paragraph at lines 718--718
[]|\T1/lmr/m/n/10 (-20) 56.8%|  
 []


Overfull \hbox (3.20232pt too wide) in paragraph at lines 718--718
[]|\T1/lmr/m/n/10 (-20) 85.9%|  
 []



[11]
Overfull \hbox (229.62462pt too wide) detected at line 745
[][]\OT1/lmr/m/n/10 (\OML/lmm/m/it/10 x\OT1/lmr/m/n/10 ) \OMS/lmsy/m/n/10 ! []\
OT1/lmr/m/n/10 (1280\OML/lmm/m/it/10 ; \OT1/lmr/m/n/10 768) [] []([] = 4) \OMS/
lmsy/m/n/10 ! [][]\OT1/lmr/m/n/10 (\OML/lmm/m/it/10 d \OT1/lmr/m/n/10 = 768\OML
/lmm/m/it/10 ; h \OT1/lmr/m/n/10 = 12) \OMS/lmsy/m/n/10 ! [] ! []\OT1/lmr/m/n/1
0 (768\OML/lmm/m/it/10 ; \OT1/lmr/m/n/10 66)
 []


LaTeX Warning: Citation `park2019specaugment' on page 12 undefined on input lin
e 768.



[12]
Package microtype Info: Character `029' is missing
(microtype)             in font `T1/lmr/m/sc/10'.
(microtype)             Ignoring protrusion settings for this character.


[13]
Overfull \hbox (2.96176pt too wide) in paragraph at lines 908--908
\T1/lmr/m/n/10 (-20) progress]|  
 []


Overfull \hbox (2.96176pt too wide) in paragraph at lines 908--909
\T1/lmr/m/n/10 (-20) progress]|  
 []


! LaTeX Error: Unicode character ߞ (U+07DE)
               not set up for use with LaTeX.

See the LaTeX manual or LaTeX Companion for explanation.
Type  H <return>  for immediate help.
 ...                                              
                                                  
l.923 \end{verbatim}
                    
You may provide a definition with
\DeclareUnicodeCharacter 


! LaTeX Error: Unicode character ߋ (U+07CB)
               not set up for use with LaTeX.

See the LaTeX manual or LaTeX Companion for explanation.
Type  H <return>  for immediate help.
 ...                                              
                                                  
l.923 \end{verbatim}
                    
You may provide a definition with
\DeclareUnicodeCharacter 


! LaTeX Error: Unicode character ߡ (U+07E1)
               not set up for use with LaTeX.

See the LaTeX manual or LaTeX Companion for explanation.
Type  H <return>  for immediate help.
 ...                                              
                                                  
l.923 \end{verbatim}
                    
You may provide a definition with
\DeclareUnicodeCharacter 


! LaTeX Error: Unicode character ߎ (U+07CE)
               not set up for use with LaTeX.

See the LaTeX manual or LaTeX Companion for explanation.
Type  H <return>  for immediate help.
 ...                                              
                                                  
l.923 \end{verbatim}
                    
You may provide a definition with
\DeclareUnicodeCharacter 


! LaTeX Error: Unicode character ߛ (U+07DB)
               not set up for use with LaTeX.

See the LaTeX manual or LaTeX Companion for explanation.
Type  H <return>  for immediate help.
 ...                                              
                                                  
l.923 \end{verbatim}
                    
You may provide a definition with
\DeclareUnicodeCharacter 


! LaTeX Error: Unicode character ߋ (U+07CB)
               not set up for use with LaTeX.

See the LaTeX manual or LaTeX Companion for explanation.
Type  H <return>  for immediate help.
 ...                                              
                                                  
l.923 \end{verbatim}
                    
You may provide a definition with
\DeclareUnicodeCharacter 


! LaTeX Error: Unicode character ߕ (U+07D5)
               not set up for use with LaTeX.

See the LaTeX manual or LaTeX Companion for explanation.
Type  H <return>  for immediate help.
 ...                                              
                                                  
l.923 \end{verbatim}
                    
You may provide a definition with
\DeclareUnicodeCharacter 


! LaTeX Error: Unicode character ߐ (U+07D0)
               not set up for use with LaTeX.

See the LaTeX manual or LaTeX Companion for explanation.
Type  H <return>  for immediate help.
 ...                                              
                                                  
l.923 \end{verbatim}
                    
You may provide a definition with
\DeclareUnicodeCharacter 


! LaTeX Error: Unicode character ߛ (U+07DB)
               not set up for use with LaTeX.

See the LaTeX manual or LaTeX Companion for explanation.
Type  H <return>  for immediate help.
 ...                                              
                                                  
l.923 \end{verbatim}
                    
You may provide a definition with
\DeclareUnicodeCharacter 


! LaTeX Error: Unicode character ߏ (U+07CF)
               not set up for use with LaTeX.

See the LaTeX manual or LaTeX Companion for explanation.
Type  H <return>  for immediate help.
 ...                                              
                                                  
l.923 \end{verbatim}
                    
You may provide a definition with
\DeclareUnicodeCharacter 


! LaTeX Error: Unicode character ߙ (U+07D9)
               not set up for use with LaTeX.

See the LaTeX manual or LaTeX Companion for explanation.
Type  H <return>  for immediate help.
 ...                                              
                                                  
l.923 \end{verbatim}
                    
You may provide a definition with
\DeclareUnicodeCharacter 


! LaTeX Error: Unicode character ߏ (U+07CF)
               not set up for use with LaTeX.

See the LaTeX manual or LaTeX Companion for explanation.
Type  H <return>  for immediate help.
 ...                                              
                                                  
l.923 \end{verbatim}
                    
You may provide a definition with
\DeclareUnicodeCharacter 


! LaTeX Error: Unicode character ߛ (U+07DB)
               not set up for use with LaTeX.

See the LaTeX manual or LaTeX Companion for explanation.
Type  H <return>  for immediate help.
 ...                                              
                                                  
l.923 \end{verbatim}
                    
You may provide a definition with
\DeclareUnicodeCharacter 


! LaTeX Error: Unicode character ߋ (U+07CB)
               not set up for use with LaTeX.

See the LaTeX manual or LaTeX Companion for explanation.
Type  H <return>  for immediate help.
 ...                                              
                                                  
l.923 \end{verbatim}
                    
You may provide a definition with
\DeclareUnicodeCharacter 


! LaTeX Error: Unicode character ߢ (U+07E2)
               not set up for use with LaTeX.

See the LaTeX manual or LaTeX Companion for explanation.
Type  H <return>  for immediate help.
 ...                                              
                                                  
l.923 \end{verbatim}
                    
You may provide a definition with
\DeclareUnicodeCharacter 


! LaTeX Error: Unicode character ߊ (U+07CA)
               not set up for use with LaTeX.

See the LaTeX manual or LaTeX Companion for explanation.
Type  H <return>  for immediate help.
 ...                                              
                                                  
l.923 \end{verbatim}
                    
You may provide a definition with
\DeclareUnicodeCharacter 


! LaTeX Error: Unicode character ߟ (U+07DF)
               not set up for use with LaTeX.

See the LaTeX manual or LaTeX Companion for explanation.
Type  H <return>  for immediate help.
 ...                                              
                                                  
l.923 \end{verbatim}
                    
You may provide a definition with
\DeclareUnicodeCharacter 


! LaTeX Error: Unicode character ߌ (U+07CC)
               not set up for use with LaTeX.

See the LaTeX manual or LaTeX Companion for explanation.
Type  H <return>  for immediate help.
 ...                                              
                                                  
l.923 \end{verbatim}
                    
You may provide a definition with
\DeclareUnicodeCharacter 


! LaTeX Error: Unicode character ߟ (U+07DF)
               not set up for use with LaTeX.

See the LaTeX manual or LaTeX Companion for explanation.
Type  H <return>  for immediate help.
 ...                                              
                                                  
l.923 \end{verbatim}
                    
You may provide a definition with
\DeclareUnicodeCharacter 


! LaTeX Error: Unicode character ߊ (U+07CA)
               not set up for use with LaTeX.

See the LaTeX manual or LaTeX Companion for explanation.
Type  H <return>  for immediate help.
 ...                                              
                                                  
l.923 \end{verbatim}
                    
You may provide a definition with
\DeclareUnicodeCharacter 


! LaTeX Error: Unicode character ߞ (U+07DE)
               not set up for use with LaTeX.

See the LaTeX manual or LaTeX Companion for explanation.
Type  H <return>  for immediate help.
 ...                                              
                                                  
l.923 \end{verbatim}
                    
You may provide a definition with
\DeclareUnicodeCharacter 


! LaTeX Error: Unicode character ߎ (U+07CE)
               not set up for use with LaTeX.

See the LaTeX manual or LaTeX Companion for explanation.
Type  H <return>  for immediate help.
 ...                                              
                                                  
l.923 \end{verbatim}
                    
You may provide a definition with
\DeclareUnicodeCharacter 


! LaTeX Error: Unicode character ߓ (U+07D3)
               not set up for use with LaTeX.

See the LaTeX manual or LaTeX Companion for explanation.
Type  H <return>  for immediate help.
 ...                                              
                                                  
l.923 \end{verbatim}
                    
You may provide a definition with
\DeclareUnicodeCharacter 


! LaTeX Error: Unicode character ߊ (U+07CA)
               not set up for use with LaTeX.

See the LaTeX manual or LaTeX Companion for explanation.
Type  H <return>  for immediate help.
 ...                                              
                                                  
l.923 \end{verbatim}
                    
You may provide a definition with
\DeclareUnicodeCharacter 


! LaTeX Error: Unicode character ߘ (U+07D8)
               not set up for use with LaTeX.

See the LaTeX manual or LaTeX Companion for explanation.
Type  H <return>  for immediate help.
 ...                                              
                                                  
l.923 \end{verbatim}
                    
You may provide a definition with
\DeclareUnicodeCharacter 


! LaTeX Error: Unicode character ߍ (U+07CD)
               not set up for use with LaTeX.

See the LaTeX manual or LaTeX Companion for explanation.
Type  H <return>  for immediate help.
 ...                                              
                                                  
l.923 \end{verbatim}
                    
You may provide a definition with
\DeclareUnicodeCharacter 


! LaTeX Error: Unicode character ߟ (U+07DF)
               not set up for use with LaTeX.

See the LaTeX manual or LaTeX Companion for explanation.
Type  H <return>  for immediate help.
 ...                                              
                                                  
l.923 \end{verbatim}
                    
You may provide a definition with
\DeclareUnicodeCharacter 


! LaTeX Error: Unicode character ߌ (U+07CC)
               not set up for use with LaTeX.

See the LaTeX manual or LaTeX Companion for explanation.
Type  H <return>  for immediate help.
 ...                                              
                                                  
l.923 \end{verbatim}
                    
You may provide a definition with
\DeclareUnicodeCharacter 


! LaTeX Error: Unicode character ߞ (U+07DE)
               not set up for use with LaTeX.

See the LaTeX manual or LaTeX Companion for explanation.
Type  H <return>  for immediate help.
 ...                                              
                                                  
l.923 \end{verbatim}
                    
You may provide a definition with
\DeclareUnicodeCharacter 


! LaTeX Error: Unicode character ߋ (U+07CB)
               not set up for use with LaTeX.

See the LaTeX manual or LaTeX Companion for explanation.
Type  H <return>  for immediate help.
 ...                                              
                                                  
l.923 \end{verbatim}
                    
You may provide a definition with
\DeclareUnicodeCharacter 


! LaTeX Error: Unicode character ߡ (U+07E1)
               not set up for use with LaTeX.

See the LaTeX manual or LaTeX Companion for explanation.
Type  H <return>  for immediate help.
 ...                                              
                                                  
l.923 \end{verbatim}
                    
You may provide a definition with
\DeclareUnicodeCharacter 


! LaTeX Error: Unicode character ߎ (U+07CE)
               not set up for use with LaTeX.

See the LaTeX manual or LaTeX Companion for explanation.
Type  H <return>  for immediate help.
 ...                                              
                                                  
l.923 \end{verbatim}
                    
You may provide a definition with
\DeclareUnicodeCharacter 


! LaTeX Error: Unicode character ߛ (U+07DB)
               not set up for use with LaTeX.

See the LaTeX manual or LaTeX Companion for explanation.
Type  H <return>  for immediate help.
 ...                                              
                                                  
l.923 \end{verbatim}
                    
You may provide a definition with
\DeclareUnicodeCharacter 


! LaTeX Error: Unicode character ߋ (U+07CB)
               not set up for use with LaTeX.

See the LaTeX manual or LaTeX Companion for explanation.
Type  H <return>  for immediate help.
 ...                                              
                                                  
l.923 \end{verbatim}
                    
You may provide a definition with
\DeclareUnicodeCharacter 


! LaTeX Error: Unicode character ߕ (U+07D5)
               not set up for use with LaTeX.

See the LaTeX manual or LaTeX Companion for explanation.
Type  H <return>  for immediate help.
 ...                                              
                                                  
l.923 \end{verbatim}
                    
You may provide a definition with
\DeclareUnicodeCharacter 


! LaTeX Error: Unicode character ߐ (U+07D0)
               not set up for use with LaTeX.

See the LaTeX manual or LaTeX Companion for explanation.
Type  H <return>  for immediate help.
 ...                                              
                                                  
l.923 \end{verbatim}
                    
You may provide a definition with
\DeclareUnicodeCharacter 


! LaTeX Error: Unicode character ߛ (U+07DB)
               not set up for use with LaTeX.

See the LaTeX manual or LaTeX Companion for explanation.
Type  H <return>  for immediate help.
 ...                                              
                                                  
l.923 \end{verbatim}
                    
You may provide a definition with
\DeclareUnicodeCharacter 


! LaTeX Error: Unicode character ߏ (U+07CF)
               not set up for use with LaTeX.

See the LaTeX manual or LaTeX Companion for explanation.
Type  H <return>  for immediate help.
 ...                                              
                                                  
l.923 \end{verbatim}
                    
You may provide a definition with
\DeclareUnicodeCharacter 


! LaTeX Error: Unicode character ߙ (U+07D9)
               not set up for use with LaTeX.

See the LaTeX manual or LaTeX Companion for explanation.
Type  H <return>  for immediate help.
 ...                                              
                                                  
l.923 \end{verbatim}
                    
You may provide a definition with
\DeclareUnicodeCharacter 


! LaTeX Error: Unicode character ߏ (U+07CF)
               not set up for use with LaTeX.

See the LaTeX manual or LaTeX Companion for explanation.
Type  H <return>  for immediate help.
 ...                                              
                                                  
l.923 \end{verbatim}
                    
You may provide a definition with
\DeclareUnicodeCharacter 


! LaTeX Error: Unicode character ߛ (U+07DB)
               not set up for use with LaTeX.

See the LaTeX manual or LaTeX Companion for explanation.
Type  H <return>  for immediate help.
 ...                                              
                                                  
l.923 \end{verbatim}
                    
You may provide a definition with
\DeclareUnicodeCharacter 


! LaTeX Error: Unicode character ߋ (U+07CB)
               not set up for use with LaTeX.

See the LaTeX manual or LaTeX Companion for explanation.
Type  H <return>  for immediate help.
 ...                                              
                                                  
l.923 \end{verbatim}
                    
You may provide a definition with
\DeclareUnicodeCharacter 


! LaTeX Error: Unicode character ߢ (U+07E2)
               not set up for use with LaTeX.

See the LaTeX manual or LaTeX Companion for explanation.
Type  H <return>  for immediate help.
 ...                                              
                                                  
l.923 \end{verbatim}
                    
You may provide a definition with
\DeclareUnicodeCharacter 


! LaTeX Error: Unicode character ߊ (U+07CA)
               not set up for use with LaTeX.

See the LaTeX manual or LaTeX Companion for explanation.
Type  H <return>  for immediate help.
 ...                                              
                                                  
l.923 \end{verbatim}
                    
You may provide a definition with
\DeclareUnicodeCharacter 


! LaTeX Error: Unicode character ߟ (U+07DF)
               not set up for use with LaTeX.

See the LaTeX manual or LaTeX Companion for explanation.
Type  H <return>  for immediate help.
 ...                                              
                                                  
l.923 \end{verbatim}
                    
You may provide a definition with
\DeclareUnicodeCharacter 


! LaTeX Error: Unicode character ߌ (U+07CC)
               not set up for use with LaTeX.

See the LaTeX manual or LaTeX Companion for explanation.
Type  H <return>  for immediate help.
 ...                                              
                                                  
l.923 \end{verbatim}
                    
You may provide a definition with
\DeclareUnicodeCharacter 


! LaTeX Error: Unicode character ߟ (U+07DF)
               not set up for use with LaTeX.

See the LaTeX manual or LaTeX Companion for explanation.
Type  H <return>  for immediate help.
 ...                                              
                                                  
l.923 \end{verbatim}
                    
You may provide a definition with
\DeclareUnicodeCharacter 


! LaTeX Error: Unicode character ߊ (U+07CA)
               not set up for use with LaTeX.

See the LaTeX manual or LaTeX Companion for explanation.
Type  H <return>  for immediate help.
 ...                                              
                                                  
l.923 \end{verbatim}
                    
You may provide a definition with
\DeclareUnicodeCharacter 


! LaTeX Error: Unicode character ߞ (U+07DE)
               not set up for use with LaTeX.

See the LaTeX manual or LaTeX Companion for explanation.
Type  H <return>  for immediate help.
 ...                                              
                                                  
l.923 \end{verbatim}
                    
You may provide a definition with
\DeclareUnicodeCharacter 


! LaTeX Error: Unicode character ߎ (U+07CE)
               not set up for use with LaTeX.

See the LaTeX manual or LaTeX Companion for explanation.
Type  H <return>  for immediate help.
 ...                                              
                                                  
l.923 \end{verbatim}
                    
You may provide a definition with
\DeclareUnicodeCharacter 


! LaTeX Error: Unicode character ߓ (U+07D3)
               not set up for use with LaTeX.

See the LaTeX manual or LaTeX Companion for explanation.
Type  H <return>  for immediate help.
 ...                                              
                                                  
l.923 \end{verbatim}
                    
You may provide a definition with
\DeclareUnicodeCharacter 


! LaTeX Error: Unicode character ߊ (U+07CA)
               not set up for use with LaTeX.

See the LaTeX manual or LaTeX Companion for explanation.
Type  H <return>  for immediate help.
 ...                                              
                                                  
l.923 \end{verbatim}
                    
You may provide a definition with
\DeclareUnicodeCharacter 


! LaTeX Error: Unicode character ߘ (U+07D8)
               not set up for use with LaTeX.

See the LaTeX manual or LaTeX Companion for explanation.
Type  H <return>  for immediate help.
 ...                                              
                                                  
l.923 \end{verbatim}
                    
You may provide a definition with
\DeclareUnicodeCharacter 


! LaTeX Error: Unicode character ߌ (U+07CC)
               not set up for use with LaTeX.

See the LaTeX manual or LaTeX Companion for explanation.
Type  H <return>  for immediate help.
 ...                                              
                                                  
l.923 \end{verbatim}
                    
You may provide a definition with
\DeclareUnicodeCharacter 


! LaTeX Error: Unicode character ߜ (U+07DC)
               not set up for use with LaTeX.

See the LaTeX manual or LaTeX Companion for explanation.
Type  H <return>  for immediate help.
 ...                                              
                                                  
l.923 \end{verbatim}
                    
You may provide a definition with
\DeclareUnicodeCharacter 


! LaTeX Error: Unicode character ߌ (U+07CC)
               not set up for use with LaTeX.

See the LaTeX manual or LaTeX Companion for explanation.
Type  H <return>  for immediate help.
 ...                                              
                                                  
l.923 \end{verbatim}
                    
You may provide a definition with
\DeclareUnicodeCharacter 


! LaTeX Error: Unicode character ߟ (U+07DF)
               not set up for use with LaTeX.

See the LaTeX manual or LaTeX Companion for explanation.
Type  H <return>  for immediate help.
 ...                                              
                                                  
l.931 \end{verbatim}
                    
You may provide a definition with
\DeclareUnicodeCharacter 


! LaTeX Error: Unicode character ߊ (U+07CA)
               not set up for use with LaTeX.

See the LaTeX manual or LaTeX Companion for explanation.
Type  H <return>  for immediate help.
 ...                                              
                                                  
l.931 \end{verbatim}
                    
You may provide a definition with
\DeclareUnicodeCharacter 


! LaTeX Error: Unicode character ߓ (U+07D3)
               not set up for use with LaTeX.

See the LaTeX manual or LaTeX Companion for explanation.
Type  H <return>  for immediate help.
 ...                                              
                                                  
l.931 \end{verbatim}
                    
You may provide a definition with
\DeclareUnicodeCharacter 


! LaTeX Error: Unicode character ߊ (U+07CA)
               not set up for use with LaTeX.

See the LaTeX manual or LaTeX Companion for explanation.
Type  H <return>  for immediate help.
 ...                                              
                                                  
l.931 \end{verbatim}
                    
You may provide a definition with
\DeclareUnicodeCharacter 


! LaTeX Error: Unicode character ߘ (U+07D8)
               not set up for use with LaTeX.

See the LaTeX manual or LaTeX Companion for explanation.
Type  H <return>  for immediate help.
 ...                                              
                                                  
l.931 \end{verbatim}
                    
You may provide a definition with
\DeclareUnicodeCharacter 


! LaTeX Error: Unicode character ߌ (U+07CC)
               not set up for use with LaTeX.

See the LaTeX manual or LaTeX Companion for explanation.
Type  H <return>  for immediate help.
 ...                                              
                                                  
l.931 \end{verbatim}
                    
You may provide a definition with
\DeclareUnicodeCharacter 


! LaTeX Error: Unicode character ߕ (U+07D5)
               not set up for use with LaTeX.

See the LaTeX manual or LaTeX Companion for explanation.
Type  H <return>  for immediate help.
 ...                                              
                                                  
l.931 \end{verbatim}
                    
You may provide a definition with
\DeclareUnicodeCharacter 


! LaTeX Error: Unicode character ߌ (U+07CC)
               not set up for use with LaTeX.

See the LaTeX manual or LaTeX Companion for explanation.
Type  H <return>  for immediate help.
 ...                                              
                                                  
l.931 \end{verbatim}
                    
You may provide a definition with
\DeclareUnicodeCharacter 


! LaTeX Error: Unicode character ߡ (U+07E1)
               not set up for use with LaTeX.

See the LaTeX manual or LaTeX Companion for explanation.
Type  H <return>  for immediate help.
 ...                                              
                                                  
l.931 \end{verbatim}
                    
You may provide a definition with
\DeclareUnicodeCharacter 


! LaTeX Error: Unicode character ߊ (U+07CA)
               not set up for use with LaTeX.

See the LaTeX manual or LaTeX Companion for explanation.
Type  H <return>  for immediate help.
 ...                                              
                                                  
l.931 \end{verbatim}
                    
You may provide a definition with
\DeclareUnicodeCharacter 


! LaTeX Error: Unicode character ߞ (U+07DE)
               not set up for use with LaTeX.

See the LaTeX manual or LaTeX Companion for explanation.
Type  H <return>  for immediate help.
 ...                                              
                                                  
l.931 \end{verbatim}
                    
You may provide a definition with
\DeclareUnicodeCharacter 


! LaTeX Error: Unicode character ߎ (U+07CE)
               not set up for use with LaTeX.

See the LaTeX manual or LaTeX Companion for explanation.
Type  H <return>  for immediate help.
 ...                                              
                                                  
l.931 \end{verbatim}
                    
You may provide a definition with
\DeclareUnicodeCharacter 


! LaTeX Error: Unicode character ߓ (U+07D3)
               not set up for use with LaTeX.

See the LaTeX manual or LaTeX Companion for explanation.
Type  H <return>  for immediate help.
 ...                                              
                                                  
l.931 \end{verbatim}
                    
You may provide a definition with
\DeclareUnicodeCharacter 


! LaTeX Error: Unicode character ߊ (U+07CA)
               not set up for use with LaTeX.

See the LaTeX manual or LaTeX Companion for explanation.
Type  H <return>  for immediate help.
 ...                                              
                                                  
l.931 \end{verbatim}
                    
You may provide a definition with
\DeclareUnicodeCharacter 


! LaTeX Error: Unicode character ߟ (U+07DF)
               not set up for use with LaTeX.

See the LaTeX manual or LaTeX Companion for explanation.
Type  H <return>  for immediate help.
 ...                                              
                                                  
l.931 \end{verbatim}
                    
You may provide a definition with
\DeclareUnicodeCharacter 


! LaTeX Error: Unicode character ߊ (U+07CA)
               not set up for use with LaTeX.

See the LaTeX manual or LaTeX Companion for explanation.
Type  H <return>  for immediate help.
 ...                                              
                                                  
l.931 \end{verbatim}
                    
You may provide a definition with
\DeclareUnicodeCharacter 


! LaTeX Error: Unicode character ߓ (U+07D3)
               not set up for use with LaTeX.

See the LaTeX manual or LaTeX Companion for explanation.
Type  H <return>  for immediate help.
 ...                                              
                                                  
l.931 \end{verbatim}
                    
You may provide a definition with
\DeclareUnicodeCharacter 


! LaTeX Error: Unicode character ߊ (U+07CA)
               not set up for use with LaTeX.

See the LaTeX manual or LaTeX Companion for explanation.
Type  H <return>  for immediate help.
 ...                                              
                                                  
l.931 \end{verbatim}
                    
You may provide a definition with
\DeclareUnicodeCharacter 


! LaTeX Error: Unicode character ߘ (U+07D8)
               not set up for use with LaTeX.

See the LaTeX manual or LaTeX Companion for explanation.
Type  H <return>  for immediate help.
 ...                                              
                                                  
l.931 \end{verbatim}
                    
You may provide a definition with
\DeclareUnicodeCharacter 


! LaTeX Error: Unicode character ߌ (U+07CC)
               not set up for use with LaTeX.

See the LaTeX manual or LaTeX Companion for explanation.
Type  H <return>  for immediate help.
 ...                                              
                                                  
l.931 \end{verbatim}
                    
You may provide a definition with
\DeclareUnicodeCharacter 


! LaTeX Error: Unicode character ߕ (U+07D5)
               not set up for use with LaTeX.

See the LaTeX manual or LaTeX Companion for explanation.
Type  H <return>  for immediate help.
 ...                                              
                                                  
l.931 \end{verbatim}
                    
You may provide a definition with
\DeclareUnicodeCharacter 


! LaTeX Error: Unicode character ߌ (U+07CC)
               not set up for use with LaTeX.

See the LaTeX manual or LaTeX Companion for explanation.
Type  H <return>  for immediate help.
 ...                                              
                                                  
l.931 \end{verbatim}
                    
You may provide a definition with
\DeclareUnicodeCharacter 


! LaTeX Error: Unicode character ߡ (U+07E1)
               not set up for use with LaTeX.

See the LaTeX manual or LaTeX Companion for explanation.
Type  H <return>  for immediate help.
 ...                                              
                                                  
l.931 \end{verbatim}
                    
You may provide a definition with
\DeclareUnicodeCharacter 


! LaTeX Error: Unicode character ߊ (U+07CA)
               not set up for use with LaTeX.

See the LaTeX manual or LaTeX Companion for explanation.
Type  H <return>  for immediate help.
 ...                                              
                                                  
l.931 \end{verbatim}
                    
You may provide a definition with
\DeclareUnicodeCharacter 


! LaTeX Error: Unicode character ߞ (U+07DE)
               not set up for use with LaTeX.

See the LaTeX manual or LaTeX Companion for explanation.
Type  H <return>  for immediate help.
 ...                                              
                                                  
l.931 \end{verbatim}
                    
You may provide a definition with
\DeclareUnicodeCharacter 


! LaTeX Error: Unicode character ߎ (U+07CE)
               not set up for use with LaTeX.

See the LaTeX manual or LaTeX Companion for explanation.
Type  H <return>  for immediate help.
 ...                                              
                                                  
l.931 \end{verbatim}
                    
You may provide a definition with
\DeclareUnicodeCharacter 


! LaTeX Error: Unicode character ߓ (U+07D3)
               not set up for use with LaTeX.

See the LaTeX manual or LaTeX Companion for explanation.
Type  H <return>  for immediate help.
 ...                                              
                                                  
l.931 \end{verbatim}
                    
You may provide a definition with
\DeclareUnicodeCharacter 


! LaTeX Error: Unicode character ߊ (U+07CA)
               not set up for use with LaTeX.

See the LaTeX manual or LaTeX Companion for explanation.
Type  H <return>  for immediate help.
 ...                                              
                                                  
l.931 \end{verbatim}
                    
You may provide a definition with
\DeclareUnicodeCharacter 


! LaTeX Error: Unicode character ߞ (U+07DE)
               not set up for use with LaTeX.

See the LaTeX manual or LaTeX Companion for explanation.
Type  H <return>  for immediate help.
 ...                                              
                                                  
l.939 \end{verbatim}
                    
You may provide a definition with
\DeclareUnicodeCharacter 


! LaTeX Error: Unicode character ߐ (U+07D0)
               not set up for use with LaTeX.

See the LaTeX manual or LaTeX Companion for explanation.
Type  H <return>  for immediate help.
 ...                                              
                                                  
l.939 \end{verbatim}
                    
You may provide a definition with
\DeclareUnicodeCharacter 


! LaTeX Error: Unicode character ߓ (U+07D3)
               not set up for use with LaTeX.

See the LaTeX manual or LaTeX Companion for explanation.
Type  H <return>  for immediate help.
 ...                                              
                                                  
l.939 \end{verbatim}
                    
You may provide a definition with
\DeclareUnicodeCharacter 


! LaTeX Error: Unicode character ߊ (U+07CA)
               not set up for use with LaTeX.

See the LaTeX manual or LaTeX Companion for explanation.
Type  H <return>  for immediate help.
 ...                                              
                                                  
l.939 \end{verbatim}
                    
You may provide a definition with
\DeclareUnicodeCharacter 


! LaTeX Error: Unicode character ߘ (U+07D8)
               not set up for use with LaTeX.

See the LaTeX manual or LaTeX Companion for explanation.
Type  H <return>  for immediate help.
 ...                                              
                                                  
l.939 \end{verbatim}
                    
You may provide a definition with
\DeclareUnicodeCharacter 


! LaTeX Error: Unicode character ߍ (U+07CD)
               not set up for use with LaTeX.

See the LaTeX manual or LaTeX Companion for explanation.
Type  H <return>  for immediate help.
 ...                                              
                                                  
l.939 \end{verbatim}
                    
You may provide a definition with
\DeclareUnicodeCharacter 


! LaTeX Error: Unicode character ߟ (U+07DF)
               not set up for use with LaTeX.

See the LaTeX manual or LaTeX Companion for explanation.
Type  H <return>  for immediate help.
 ...                                              
                                                  
l.939 \end{verbatim}
                    
You may provide a definition with
\DeclareUnicodeCharacter 


! LaTeX Error: Unicode character ߌ (U+07CC)
               not set up for use with LaTeX.

See the LaTeX manual or LaTeX Companion for explanation.
Type  H <return>  for immediate help.
 ...                                              
                                                  
l.939 \end{verbatim}
                    
You may provide a definition with
\DeclareUnicodeCharacter 


! LaTeX Error: Unicode character ߟ (U+07DF)
               not set up for use with LaTeX.

See the LaTeX manual or LaTeX Companion for explanation.
Type  H <return>  for immediate help.
 ...                                              
                                                  
l.939 \end{verbatim}
                    
You may provide a definition with
\DeclareUnicodeCharacter 


! LaTeX Error: Unicode character ߊ (U+07CA)
               not set up for use with LaTeX.

See the LaTeX manual or LaTeX Companion for explanation.
Type  H <return>  for immediate help.
 ...                                              
                                                  
l.939 \end{verbatim}
                    
You may provide a definition with
\DeclareUnicodeCharacter 


! LaTeX Error: Unicode character ߞ (U+07DE)
               not set up for use with LaTeX.

See the LaTeX manual or LaTeX Companion for explanation.
Type  H <return>  for immediate help.
 ...                                              
                                                  
l.939 \end{verbatim}
                    
You may provide a definition with
\DeclareUnicodeCharacter 


! LaTeX Error: Unicode character ߋ (U+07CB)
               not set up for use with LaTeX.

See the LaTeX manual or LaTeX Companion for explanation.
Type  H <return>  for immediate help.
 ...                                              
                                                  
l.939 \end{verbatim}
                    
You may provide a definition with
\DeclareUnicodeCharacter 


! LaTeX Error: Unicode character ߡ (U+07E1)
               not set up for use with LaTeX.

See the LaTeX manual or LaTeX Companion for explanation.
Type  H <return>  for immediate help.
 ...                                              
                                                  
l.939 \end{verbatim}
                    
You may provide a definition with
\DeclareUnicodeCharacter 


! LaTeX Error: Unicode character ߎ (U+07CE)
               not set up for use with LaTeX.

See the LaTeX manual or LaTeX Companion for explanation.
Type  H <return>  for immediate help.
 ...                                              
                                                  
l.939 \end{verbatim}
                    
You may provide a definition with
\DeclareUnicodeCharacter 


! LaTeX Error: Unicode character ߛ (U+07DB)
               not set up for use with LaTeX.

See the LaTeX manual or LaTeX Companion for explanation.
Type  H <return>  for immediate help.
 ...                                              
                                                  
l.939 \end{verbatim}
                    
You may provide a definition with
\DeclareUnicodeCharacter 


! LaTeX Error: Unicode character ߋ (U+07CB)
               not set up for use with LaTeX.

See the LaTeX manual or LaTeX Companion for explanation.
Type  H <return>  for immediate help.
 ...                                              
                                                  
l.939 \end{verbatim}
                    
You may provide a definition with
\DeclareUnicodeCharacter 


! LaTeX Error: Unicode character ߕ (U+07D5)
               not set up for use with LaTeX.

See the LaTeX manual or LaTeX Companion for explanation.
Type  H <return>  for immediate help.
 ...                                              
                                                  
l.939 \end{verbatim}
                    
You may provide a definition with
\DeclareUnicodeCharacter 


! LaTeX Error: Unicode character ߐ (U+07D0)
               not set up for use with LaTeX.

See the LaTeX manual or LaTeX Companion for explanation.
Type  H <return>  for immediate help.
 ...                                              
                                                  
l.939 \end{verbatim}
                    
You may provide a definition with
\DeclareUnicodeCharacter 


! LaTeX Error: Unicode character ߛ (U+07DB)
               not set up for use with LaTeX.

See the LaTeX manual or LaTeX Companion for explanation.
Type  H <return>  for immediate help.
 ...                                              
                                                  
l.939 \end{verbatim}
                    
You may provide a definition with
\DeclareUnicodeCharacter 


! LaTeX Error: Unicode character ߏ (U+07CF)
               not set up for use with LaTeX.

See the LaTeX manual or LaTeX Companion for explanation.
Type  H <return>  for immediate help.
 ...                                              
                                                  
l.939 \end{verbatim}
                    
You may provide a definition with
\DeclareUnicodeCharacter 


! LaTeX Error: Unicode character ߟ (U+07DF)
               not set up for use with LaTeX.

See the LaTeX manual or LaTeX Companion for explanation.
Type  H <return>  for immediate help.
 ...                                              
                                                  
l.939 \end{verbatim}
                    
You may provide a definition with
\DeclareUnicodeCharacter 


! LaTeX Error: Unicode character ߊ (U+07CA)
               not set up for use with LaTeX.

See the LaTeX manual or LaTeX Companion for explanation.
Type  H <return>  for immediate help.
 ...                                              
                                                  
l.939 \end{verbatim}
                    
You may provide a definition with
\DeclareUnicodeCharacter 


! LaTeX Error: Unicode character ߞ (U+07DE)
               not set up for use with LaTeX.

See the LaTeX manual or LaTeX Companion for explanation.
Type  H <return>  for immediate help.
 ...                                              
                                                  
l.939 \end{verbatim}
                    
You may provide a definition with
\DeclareUnicodeCharacter 


! LaTeX Error: Unicode character ߎ (U+07CE)
               not set up for use with LaTeX.

See the LaTeX manual or LaTeX Companion for explanation.
Type  H <return>  for immediate help.
 ...                                              
                                                  
l.939 \end{verbatim}
                    
You may provide a definition with
\DeclareUnicodeCharacter 


! LaTeX Error: Unicode character ߓ (U+07D3)
               not set up for use with LaTeX.

See the LaTeX manual or LaTeX Companion for explanation.
Type  H <return>  for immediate help.
 ...                                              
                                                  
l.939 \end{verbatim}
                    
You may provide a definition with
\DeclareUnicodeCharacter 


! LaTeX Error: Unicode character ߊ (U+07CA)
               not set up for use with LaTeX.

See the LaTeX manual or LaTeX Companion for explanation.
Type  H <return>  for immediate help.
 ...                                              
                                                  
l.939 \end{verbatim}
                    
You may provide a definition with
\DeclareUnicodeCharacter 


! LaTeX Error: Unicode character ߘ (U+07D8)
               not set up for use with LaTeX.

See the LaTeX manual or LaTeX Companion for explanation.
Type  H <return>  for immediate help.
 ...                                              
                                                  
l.939 \end{verbatim}
                    
You may provide a definition with
\DeclareUnicodeCharacter 


! LaTeX Error: Unicode character ߌ (U+07CC)
               not set up for use with LaTeX.

See the LaTeX manual or LaTeX Companion for explanation.
Type  H <return>  for immediate help.
 ...                                              
                                                  
l.939 \end{verbatim}
                    
You may provide a definition with
\DeclareUnicodeCharacter 


! LaTeX Error: Unicode character ߕ (U+07D5)
               not set up for use with LaTeX.

See the LaTeX manual or LaTeX Companion for explanation.
Type  H <return>  for immediate help.
 ...                                              
                                                  
l.939 \end{verbatim}
                    
You may provide a definition with
\DeclareUnicodeCharacter 


! LaTeX Error: Unicode character ߌ (U+07CC)
               not set up for use with LaTeX.

See the LaTeX manual or LaTeX Companion for explanation.
Type  H <return>  for immediate help.
 ...                                              
                                                  
l.939 \end{verbatim}
                    
You may provide a definition with
\DeclareUnicodeCharacter 


! LaTeX Error: Unicode character ߞ (U+07DE)
               not set up for use with LaTeX.

See the LaTeX manual or LaTeX Companion for explanation.
Type  H <return>  for immediate help.
 ...                                              
                                                  
l.939 \end{verbatim}
                    
You may provide a definition with
\DeclareUnicodeCharacter 


! LaTeX Error: Unicode character ߐ (U+07D0)
               not set up for use with LaTeX.

See the LaTeX manual or LaTeX Companion for explanation.
Type  H <return>  for immediate help.
 ...                                              
                                                  
l.939 \end{verbatim}
                    
You may provide a definition with
\DeclareUnicodeCharacter 


! LaTeX Error: Unicode character ߓ (U+07D3)
               not set up for use with LaTeX.

See the LaTeX manual or LaTeX Companion for explanation.
Type  H <return>  for immediate help.
 ...                                              
                                                  
l.939 \end{verbatim}
                    
You may provide a definition with
\DeclareUnicodeCharacter 


! LaTeX Error: Unicode character ߊ (U+07CA)
               not set up for use with LaTeX.

See the LaTeX manual or LaTeX Companion for explanation.
Type  H <return>  for immediate help.
 ...                                              
                                                  
l.939 \end{verbatim}
                    
You may provide a definition with
\DeclareUnicodeCharacter 


! LaTeX Error: Unicode character ߘ (U+07D8)
               not set up for use with LaTeX.

See the LaTeX manual or LaTeX Companion for explanation.
Type  H <return>  for immediate help.
 ...                                              
                                                  
l.939 \end{verbatim}
                    
You may provide a definition with
\DeclareUnicodeCharacter 


! LaTeX Error: Unicode character ߍ (U+07CD)
               not set up for use with LaTeX.

See the LaTeX manual or LaTeX Companion for explanation.
Type  H <return>  for immediate help.
 ...                                              
                                                  
l.939 \end{verbatim}
                    
You may provide a definition with
\DeclareUnicodeCharacter 


! LaTeX Error: Unicode character ߟ (U+07DF)
               not set up for use with LaTeX.

See the LaTeX manual or LaTeX Companion for explanation.
Type  H <return>  for immediate help.
 ...                                              
                                                  
l.939 \end{verbatim}
                    
You may provide a definition with
\DeclareUnicodeCharacter 


! LaTeX Error: Unicode character ߌ (U+07CC)
               not set up for use with LaTeX.

See the LaTeX manual or LaTeX Companion for explanation.
Type  H <return>  for immediate help.
 ...                                              
                                                  
l.939 \end{verbatim}
                    
You may provide a definition with
\DeclareUnicodeCharacter 


! LaTeX Error: Unicode character ߟ (U+07DF)
               not set up for use with LaTeX.

See the LaTeX manual or LaTeX Companion for explanation.
Type  H <return>  for immediate help.
 ...                                              
                                                  
l.939 \end{verbatim}
                    
You may provide a definition with
\DeclareUnicodeCharacter 


! LaTeX Error: Unicode character ߊ (U+07CA)
               not set up for use with LaTeX.

See the LaTeX manual or LaTeX Companion for explanation.
Type  H <return>  for immediate help.
 ...                                              
                                                  
l.939 \end{verbatim}
                    
You may provide a definition with
\DeclareUnicodeCharacter 


! LaTeX Error: Unicode character ߞ (U+07DE)
               not set up for use with LaTeX.

See the LaTeX manual or LaTeX Companion for explanation.
Type  H <return>  for immediate help.
 ...                                              
                                                  
l.939 \end{verbatim}
                    
You may provide a definition with
\DeclareUnicodeCharacter 


! LaTeX Error: Unicode character ߋ (U+07CB)
               not set up for use with LaTeX.

See the LaTeX manual or LaTeX Companion for explanation.
Type  H <return>  for immediate help.
 ...                                              
                                                  
l.939 \end{verbatim}
                    
You may provide a definition with
\DeclareUnicodeCharacter 


! LaTeX Error: Unicode character ߡ (U+07E1)
               not set up for use with LaTeX.

See the LaTeX manual or LaTeX Companion for explanation.
Type  H <return>  for immediate help.
 ...                                              
                                                  
l.939 \end{verbatim}
                    
You may provide a definition with
\DeclareUnicodeCharacter 


! LaTeX Error: Unicode character ߎ (U+07CE)
               not set up for use with LaTeX.

See the LaTeX manual or LaTeX Companion for explanation.
Type  H <return>  for immediate help.
 ...                                              
                                                  
l.939 \end{verbatim}
                    
You may provide a definition with
\DeclareUnicodeCharacter 


! LaTeX Error: Unicode character ߕ (U+07D5)
               not set up for use with LaTeX.

See the LaTeX manual or LaTeX Companion for explanation.
Type  H <return>  for immediate help.
 ...                                              
                                                  
l.939 \end{verbatim}
                    
You may provide a definition with
\DeclareUnicodeCharacter 


! LaTeX Error: Unicode character ߐ (U+07D0)
               not set up for use with LaTeX.

See the LaTeX manual or LaTeX Companion for explanation.
Type  H <return>  for immediate help.
 ...                                              
                                                  
l.939 \end{verbatim}
                    
You may provide a definition with
\DeclareUnicodeCharacter 


! LaTeX Error: Unicode character ߛ (U+07DB)
               not set up for use with LaTeX.

See the LaTeX manual or LaTeX Companion for explanation.
Type  H <return>  for immediate help.
 ...                                              
                                                  
l.939 \end{verbatim}
                    
You may provide a definition with
\DeclareUnicodeCharacter 


! LaTeX Error: Unicode character ߏ (U+07CF)
               not set up for use with LaTeX.

See the LaTeX manual or LaTeX Companion for explanation.
Type  H <return>  for immediate help.
 ...                                              
                                                  
l.939 \end{verbatim}
                    
You may provide a definition with
\DeclareUnicodeCharacter 


! LaTeX Error: Unicode character ߟ (U+07DF)
               not set up for use with LaTeX.

See the LaTeX manual or LaTeX Companion for explanation.
Type  H <return>  for immediate help.
 ...                                              
                                                  
l.939 \end{verbatim}
                    
You may provide a definition with
\DeclareUnicodeCharacter 


! LaTeX Error: Unicode character ߊ (U+07CA)
               not set up for use with LaTeX.

See the LaTeX manual or LaTeX Companion for explanation.
Type  H <return>  for immediate help.
 ...                                              
                                                  
l.939 \end{verbatim}
                    
You may provide a definition with
\DeclareUnicodeCharacter 


! LaTeX Error: Unicode character ߞ (U+07DE)
               not set up for use with LaTeX.

See the LaTeX manual or LaTeX Companion for explanation.
Type  H <return>  for immediate help.
 ...                                              
                                                  
l.939 \end{verbatim}
                    
You may provide a definition with
\DeclareUnicodeCharacter 


! LaTeX Error: Unicode character ߎ (U+07CE)
               not set up for use with LaTeX.

See the LaTeX manual or LaTeX Companion for explanation.
Type  H <return>  for immediate help.
 ...                                              
                                                  
l.939 \end{verbatim}
                    
You may provide a definition with
\DeclareUnicodeCharacter 


! LaTeX Error: Unicode character ߓ (U+07D3)
               not set up for use with LaTeX.

See the LaTeX manual or LaTeX Companion for explanation.
Type  H <return>  for immediate help.
 ...                                              
                                                  
l.939 \end{verbatim}
                    
You may provide a definition with
\DeclareUnicodeCharacter 


! LaTeX Error: Unicode character ߊ (U+07CA)
               not set up for use with LaTeX.

See the LaTeX manual or LaTeX Companion for explanation.
Type  H <return>  for immediate help.
 ...                                              
                                                  
l.939 \end{verbatim}
                    
You may provide a definition with
\DeclareUnicodeCharacter 


! LaTeX Error: Unicode character ߘ (U+07D8)
               not set up for use with LaTeX.

See the LaTeX manual or LaTeX Companion for explanation.
Type  H <return>  for immediate help.
 ...                                              
                                                  
l.939 \end{verbatim}
                    
You may provide a definition with
\DeclareUnicodeCharacter 


! LaTeX Error: Unicode character ߌ (U+07CC)
               not set up for use with LaTeX.

See the LaTeX manual or LaTeX Companion for explanation.
Type  H <return>  for immediate help.
 ...                                              
                                                  
l.939 \end{verbatim}
                    
You may provide a definition with
\DeclareUnicodeCharacter 


! LaTeX Error: Unicode character ߕ (U+07D5)
               not set up for use with LaTeX.

See the LaTeX manual or LaTeX Companion for explanation.
Type  H <return>  for immediate help.
 ...                                              
                                                  
l.939 \end{verbatim}
                    
You may provide a definition with
\DeclareUnicodeCharacter 


! LaTeX Error: Unicode character ߌ (U+07CC)
               not set up for use with LaTeX.

See the LaTeX manual or LaTeX Companion for explanation.
Type  H <return>  for immediate help.
 ...                                              
                                                  
l.939 \end{verbatim}
                    
You may provide a definition with
\DeclareUnicodeCharacter 



[14]

Package longtable Warning: Column widths have changed
(longtable)                in none 10 on input line 963.



[15]

! LaTeX Error: Unicode character ɲ (U+0272)
               not set up for use with LaTeX.

See the LaTeX manual or LaTeX Companion for explanation.
Type  H <return>  for immediate help.
 ...                                              
                                                  
l.1024 ...ical conventions (digraph ``ny'' for /ɲ
                                                  /, silent vowels, no tone
You may provide a definition with
\DeclareUnicodeCharacter 



[16]

LaTeX Warning: Citation `data_scaling_2024' on page 17 undefined on input line 
1080.



[17]

[18]

[19]

Package longtable Warning: Table widths have changed. Rerun LaTeX.



[20] (./nko_asr_paper_v2.aux)
 ***********
LaTeX2e <2024-11-01> patch level 2
L3 programming layer <2025-01-18>
 ***********


LaTeX Warning: There were undefined references.


LaTeX Warning: Label(s) may have changed. Rerun to get cross-references right.

 ) 
Here is how much of TeX's memory you used:
 13336 strings out of 473190
 207977 string characters out of 5715801
 654296 words of memory out of 5000000
 36125 multiletter control sequences out of 15000+600000
 618482 words of font info for 168 fonts, out of 8000000 for 9000
 1141 hyphenation exceptions out of 8191
 83i,11n,93p,1083b,647s stack positions out of 10000i,1000n,20000p,200000b,200000s
</usr/local/texlive/2025/texmf-dist/fonts/type1/public/lm/lmbx10.pfb></usr/lo
cal/texlive/2025/texmf-dist/fonts/type1/public/lm/lmbx12.pfb></usr/local/texliv
e/2025/texmf-dist/fonts/type1/public/lm/lmcsc10.pfb></usr/local/texlive/2025/te
xmf-dist/fonts/type1/public/lm/lmex10.pfb></usr/local/texlive/2025/texmf-dist/f
onts/type1/public/lm/lmmi10.pfb></usr/local/texlive/2025/texmf-dist/fonts/type1
/public/lm/lmmi7.pfb></usr/local/texlive/2025/texmf-dist/fonts/type1/public/lm/
lmr10.pfb></usr/local/texlive/2025/texmf-dist/fonts/type1/public/lm/lmr5.pfb></
usr/local/texlive/2025/texmf-dist/fonts/type1/public/lm/lmr7.pfb></usr/local/te
xlive/2025/texmf-dist/fonts/type1/public/lm/lmri10.pfb></usr/local/texlive/2025
/texmf-dist/fonts/type1/public/lm/lmsy10.pfb></usr/local/texlive/2025/texmf-dis
t/fonts/type1/public/lm/lmsy5.pfb></usr/local/texlive/2025/texmf-dist/fonts/typ
e1/public/lm/lmsy7.pfb></usr/local/texlive/2025/texmf-dist/fonts/type1/public/l
m/lmtt10.pfb></usr/local/texlive/2025/texmf-dist/fonts/type1/public/amsfonts/sy
mbols/msbm10.pfb>
Output written on nko_asr_paper_v2.pdf (20 pages, 324079 bytes).
PDF statistics:
 335 PDF objects out of 1000 (max. 8388607)
 275 compressed objects within 3 object streams
 73 named destinations out of 1000 (max. 500000)
 35017 words of extra memory for PDF output out of 35830 (max. 10000000)

