This is pdfTeX, Version 3.141592653-2.6-1.40.27 (TeX Live 2025) (preloaded format=pdflatex 2025.3.8)  20 MAR 2026 06:16
entering extended mode
 restricted \write18 enabled.
 %&-line parsing enabled.
**paper2_living_speech.tex
(./paper2_living_speech.tex
LaTeX2e <2024-11-01> patch level 2
L3 programming layer <2025-01-18>
(/usr/local/texlive/2025/texmf-dist/tex/latex/base/article.cls
Document Class: article 2024/06/29 v1.4n Standard LaTeX document class
(/usr/local/texlive/2025/texmf-dist/tex/latex/base/size11.clo
File: size11.clo 2024/06/29 v1.4n Standard LaTeX file (size option)
)
\c@part=\count196
\c@section=\count197
\c@subsection=\count198
\c@subsubsection=\count199
\c@paragraph=\count266
\c@subparagraph=\count267
\c@figure=\count268
\c@table=\count269
\abovecaptionskip=\skip49
\belowcaptionskip=\skip50
\bibindent=\dimen141
) (./acl.sty
Conference Style for ACL
(/usr/local/texlive/2025/texmf-dist/tex/latex/xcolor/xcolor.sty
Package: xcolor 2024/09/29 v3.02 LaTeX color extensions (UK)

(/usr/local/texlive/2025/texmf-dist/tex/latex/graphics-cfg/color.cfg
File: color.cfg 2016/01/02 v1.6 sample color configuration
)
Package xcolor Info: Driver file: pdftex.def on input line 274.

(/usr/local/texlive/2025/texmf-dist/tex/latex/graphics-def/pdftex.def
File: pdftex.def 2024/04/13 v1.2c Graphics/color driver for pdftex
)
(/usr/local/texlive/2025/texmf-dist/tex/latex/graphics/mathcolor.ltx)
Package xcolor Info: Model `cmy' substituted by `cmy0' on input line 1349.
Package xcolor Info: Model `hsb' substituted by `rgb' on input line 1353.
Package xcolor Info: Model `RGB' extended on input line 1365.
Package xcolor Info: Model `HTML' substituted by `rgb' on input line 1367.
Package xcolor Info: Model `Hsb' substituted by `hsb' on input line 1368.
Package xcolor Info: Model `tHsb' substituted by `hsb' on input line 1369.
Package xcolor Info: Model `HSB' substituted by `hsb' on input line 1370.
Package xcolor Info: Model `Gray' substituted by `gray' on input line 1371.
Package xcolor Info: Model `wave' substituted by `hsb' on input line 1372.
)
(/usr/local/texlive/2025/texmf-dist/tex/latex/geometry/geometry.sty
Package: geometry 2020/01/02 v5.9 Page Geometry

(/usr/local/texlive/2025/texmf-dist/tex/latex/graphics/keyval.sty
Package: keyval 2022/05/29 v1.15 key=value parser (DPC)
\KV@toks@=\toks17
)
(/usr/local/texlive/2025/texmf-dist/tex/generic/iftex/ifvtex.sty
Package: ifvtex 2019/10/25 v1.7 ifvtex legacy package. Use iftex instead.

(/usr/local/texlive/2025/texmf-dist/tex/generic/iftex/iftex.sty
Package: iftex 2024/12/12 v1.0g TeX engine tests
))
\Gm@cnth=\count270
\Gm@cntv=\count271
\c@Gm@tempcnt=\count272
\Gm@bindingoffset=\dimen142
\Gm@wd@mp=\dimen143
\Gm@odd@mp=\dimen144
\Gm@even@mp=\dimen145
\Gm@layoutwidth=\dimen146
\Gm@layoutheight=\dimen147
\Gm@layouthoffset=\dimen148
\Gm@layoutvoffset=\dimen149
\Gm@dimlist=\toks18
)
\titlebox=\skip51

(/usr/local/texlive/2025/texmf-dist/tex/latex/caption/caption.sty
Package: caption 2023/08/05 v3.6o Customizing captions (AR)

(/usr/local/texlive/2025/texmf-dist/tex/latex/caption/caption3.sty
Package: caption3 2023/07/31 v2.4d caption3 kernel (AR)
\caption@tempdima=\dimen150
\captionmargin=\dimen151
\caption@leftmargin=\dimen152
\caption@rightmargin=\dimen153
\caption@width=\dimen154
\caption@indent=\dimen155
\caption@parindent=\dimen156
\caption@hangindent=\dimen157
Package caption Info: Standard document class detected.
)
\c@caption@flags=\count273
\c@continuedfloat=\count274
)
(/usr/local/texlive/2025/texmf-dist/tex/latex/natbib/natbib.sty
Package: natbib 2010/09/13 8.31b (PWD, AO)
\bibhang=\skip52
\bibsep=\skip53
LaTeX Info: Redefining \cite on input line 694.
\c@NAT@ctr=\count275
)
(/usr/local/texlive/2025/texmf-dist/tex/latex/hyperref/hyperref.sty
Package: hyperref 2024-11-05 v7.01l Hypertext links for LaTeX

(/usr/local/texlive/2025/texmf-dist/tex/latex/kvsetkeys/kvsetkeys.sty
Package: kvsetkeys 2022-10-05 v1.19 Key value parser (HO)
)
(/usr/local/texlive/2025/texmf-dist/tex/generic/kvdefinekeys/kvdefinekeys.sty
Package: kvdefinekeys 2019-12-19 v1.6 Define keys (HO)
)
(/usr/local/texlive/2025/texmf-dist/tex/generic/pdfescape/pdfescape.sty
Package: pdfescape 2019/12/09 v1.15 Implements pdfTeX's escape features (HO)

(/usr/local/texlive/2025/texmf-dist/tex/generic/ltxcmds/ltxcmds.sty
Package: ltxcmds 2023-12-04 v1.26 LaTeX kernel commands for general use (HO)
)
(/usr/local/texlive/2025/texmf-dist/tex/generic/pdftexcmds/pdftexcmds.sty
Package: pdftexcmds 2020-06-27 v0.33 Utility functions of pdfTeX for LuaTeX (HO
)

(/usr/local/texlive/2025/texmf-dist/tex/generic/infwarerr/infwarerr.sty
Package: infwarerr 2019/12/03 v1.5 Providing info/warning/error messages (HO)
)
Package pdftexcmds Info: \pdf@primitive is available.
Package pdftexcmds Info: \pdf@ifprimitive is available.
Package pdftexcmds Info: \pdfdraftmode found.
))
(/usr/local/texlive/2025/texmf-dist/tex/latex/hycolor/hycolor.sty
Package: hycolor 2020-01-27 v1.10 Color options for hyperref/bookmark (HO)
)
(/usr/local/texlive/2025/texmf-dist/tex/latex/hyperref/nameref.sty
Package: nameref 2023-11-26 v2.56 Cross-referencing by name of section

(/usr/local/texlive/2025/texmf-dist/tex/latex/refcount/refcount.sty
Package: refcount 2019/12/15 v3.6 Data extraction from label references (HO)
)
(/usr/local/texlive/2025/texmf-dist/tex/generic/gettitlestring/gettitlestring.s
ty
Package: gettitlestring 2019/12/15 v1.6 Cleanup title references (HO)
 (/usr/local/texlive/2025/texmf-dist/tex/latex/kvoptions/kvoptions.sty
Package: kvoptions 2022-06-15 v3.15 Key value format for package options (HO)
))
\c@section@level=\count276
)
(/usr/local/texlive/2025/texmf-dist/tex/latex/etoolbox/etoolbox.sty
Package: etoolbox 2025/02/11 v2.5l e-TeX tools for LaTeX (JAW)
\etb@tempcnta=\count277
)
(/usr/local/texlive/2025/texmf-dist/tex/generic/stringenc/stringenc.sty
Package: stringenc 2019/11/29 v1.12 Convert strings between diff. encodings (HO
)
)
\@linkdim=\dimen158
\Hy@linkcounter=\count278
\Hy@pagecounter=\count279

(/usr/local/texlive/2025/texmf-dist/tex/latex/hyperref/pd1enc.def
File: pd1enc.def 2024-11-05 v7.01l Hyperref: PDFDocEncoding definition (HO)
Now handling font encoding PD1 ...
... no UTF-8 mapping file for font encoding PD1
)
(/usr/local/texlive/2025/texmf-dist/tex/generic/intcalc/intcalc.sty
Package: intcalc 2019/12/15 v1.3 Expandable calculations with integers (HO)
)
\Hy@SavedSpaceFactor=\count280

(/usr/local/texlive/2025/texmf-dist/tex/latex/hyperref/puenc.def
File: puenc.def 2024-11-05 v7.01l Hyperref: PDF Unicode definition (HO)
Now handling font encoding PU ...
... no UTF-8 mapping file for font encoding PU
)
Package hyperref Info: Option `breaklinks' set `true' on input line 4040.
Package hyperref Info: Hyper figures OFF on input line 4157.
Package hyperref Info: Link nesting OFF on input line 4162.
Package hyperref Info: Hyper index ON on input line 4165.
Package hyperref Info: Plain pages OFF on input line 4172.
Package hyperref Info: Backreferencing OFF on input line 4177.
Package hyperref Info: Implicit mode ON; LaTeX internals redefined.
Package hyperref Info: Bookmarks ON on input line 4424.
\c@Hy@tempcnt=\count281

(/usr/local/texlive/2025/texmf-dist/tex/latex/url/url.sty
\Urlmuskip=\muskip17
Package: url 2013/09/16  ver 3.4  Verb mode for urls, etc.
)
LaTeX Info: Redefining \url on input line 4763.
\XeTeXLinkMargin=\dimen159

(/usr/local/texlive/2025/texmf-dist/tex/generic/bitset/bitset.sty
Package: bitset 2019/12/09 v1.3 Handle bit-vector datatype (HO)

(/usr/local/texlive/2025/texmf-dist/tex/generic/bigintcalc/bigintcalc.sty
Package: bigintcalc 2019/12/15 v1.5 Expandable calculations on big integers (HO
)
))
\Fld@menulength=\count282
\Field@Width=\dimen160
\Fld@charsize=\dimen161
Package hyperref Info: Hyper figures OFF on input line 6042.
Package hyperref Info: Link nesting OFF on input line 6047.
Package hyperref Info: Hyper index ON on input line 6050.
Package hyperref Info: backreferencing OFF on input line 6057.
Package hyperref Info: Link coloring OFF on input line 6062.
Package hyperref Info: Link coloring with OCG OFF on input line 6067.
Package hyperref Info: PDF/A mode OFF on input line 6072.

(/usr/local/texlive/2025/texmf-dist/tex/latex/base/atbegshi-ltx.sty
Package: atbegshi-ltx 2021/01/10 v1.0c Emulation of the original atbegshi
package with kernel methods
)
\Hy@abspage=\count283
\c@Item=\count284
\c@Hfootnote=\count285
)
Package hyperref Info: Driver (autodetected): hpdftex.

(/usr/local/texlive/2025/texmf-dist/tex/latex/hyperref/hpdftex.def
File: hpdftex.def 2024-11-05 v7.01l Hyperref driver for pdfTeX

(/usr/local/texlive/2025/texmf-dist/tex/latex/base/atveryend-ltx.sty
Package: atveryend-ltx 2020/08/19 v1.0a Emulation of the original atveryend pac
kage
with kernel methods
)
\Fld@listcount=\count286
\c@bookmark@seq@number=\count287

(/usr/local/texlive/2025/texmf-dist/tex/latex/rerunfilecheck/rerunfilecheck.sty
Package: rerunfilecheck 2022-07-10 v1.10 Rerun checks for auxiliary files (HO)

(/usr/local/texlive/2025/texmf-dist/tex/generic/uniquecounter/uniquecounter.sty
Package: uniquecounter 2019/12/15 v1.4 Provide unlimited unique counter (HO)
)
Package uniquecounter Info: New unique counter `rerunfilecheck' on input line 2
85.
)
\Hy@SectionHShift=\skip54
)
Package hyperref Info: Option `colorlinks' set `true' on input line 305.
) (/usr/local/texlive/2025/texmf-dist/tex/latex/psnfss/times.sty
Package: times 2020/03/25 PSNFSS-v9.3 (SPQR) 
)
(/usr/local/texlive/2025/texmf-dist/tex/latex/base/latexsym.sty
Package: latexsym 1998/08/17 v2.2e Standard LaTeX package (lasy symbols)
\symlasy=\mathgroup4
LaTeX Font Info:    Overwriting symbol font `lasy' in version `bold'
(Font)                  U/lasy/m/n --> U/lasy/b/n on input line 52.
)
(/usr/local/texlive/2025/texmf-dist/tex/latex/graphics/graphicx.sty
Package: graphicx 2021/09/16 v1.2d Enhanced LaTeX Graphics (DPC,SPQR)

(/usr/local/texlive/2025/texmf-dist/tex/latex/graphics/graphics.sty
Package: graphics 2024/08/06 v1.4g Standard LaTeX Graphics (DPC,SPQR)

(/usr/local/texlive/2025/texmf-dist/tex/latex/graphics/trig.sty
Package: trig 2023/12/02 v1.11 sin cos tan (DPC)
)
(/usr/local/texlive/2025/texmf-dist/tex/latex/graphics-cfg/graphics.cfg
File: graphics.cfg 2016/06/04 v1.11 sample graphics configuration
)
Package graphics Info: Driver file: pdftex.def on input line 106.
)
\Gin@req@height=\dimen162
\Gin@req@width=\dimen163
)
(/usr/local/texlive/2025/texmf-dist/tex/latex/booktabs/booktabs.sty
Package: booktabs 2020/01/12 v1.61803398 Publication quality tables
\heavyrulewidth=\dimen164
\lightrulewidth=\dimen165
\cmidrulewidth=\dimen166
\belowrulesep=\dimen167
\belowbottomsep=\dimen168
\aboverulesep=\dimen169
\abovetopsep=\dimen170
\cmidrulesep=\dimen171
\cmidrulekern=\dimen172
\defaultaddspace=\dimen173
\@cmidla=\count288
\@cmidlb=\count289
\@aboverulesep=\dimen174
\@belowrulesep=\dimen175
\@thisruleclass=\count290
\@lastruleclass=\count291
\@thisrulewidth=\dimen176
)
(/usr/local/texlive/2025/texmf-dist/tex/latex/amsmath/amsmath.sty
Package: amsmath 2024/11/05 v2.17t AMS math features
\@mathmargin=\skip55

For additional information on amsmath, use the `?' option.
(/usr/local/texlive/2025/texmf-dist/tex/latex/amsmath/amstext.sty
Package: amstext 2021/08/26 v2.01 AMS text

(/usr/local/texlive/2025/texmf-dist/tex/latex/amsmath/amsgen.sty
File: amsgen.sty 1999/11/30 v2.0 generic functions
\@emptytoks=\toks19
\ex@=\dimen177
))
(/usr/local/texlive/2025/texmf-dist/tex/latex/amsmath/amsbsy.sty
Package: amsbsy 1999/11/29 v1.2d Bold Symbols
\pmbraise@=\dimen178
)
(/usr/local/texlive/2025/texmf-dist/tex/latex/amsmath/amsopn.sty
Package: amsopn 2022/04/08 v2.04 operator names
)
\inf@bad=\count292
LaTeX Info: Redefining \frac on input line 233.
\uproot@=\count293
\leftroot@=\count294
LaTeX Info: Redefining \overline on input line 398.
LaTeX Info: Redefining \colon on input line 409.
\classnum@=\count295
\DOTSCASE@=\count296
LaTeX Info: Redefining \ldots on input line 495.
LaTeX Info: Redefining \dots on input line 498.
LaTeX Info: Redefining \cdots on input line 619.
\Mathstrutbox@=\box52
\strutbox@=\box53
LaTeX Info: Redefining \big on input line 721.
LaTeX Info: Redefining \Big on input line 722.
LaTeX Info: Redefining \bigg on input line 723.
LaTeX Info: Redefining \Bigg on input line 724.
\big@size=\dimen179
LaTeX Font Info:    Redeclaring font encoding OML on input line 742.
LaTeX Font Info:    Redeclaring font encoding OMS on input line 743.
\macc@depth=\count297
LaTeX Info: Redefining \bmod on input line 904.
LaTeX Info: Redefining \pmod on input line 909.
LaTeX Info: Redefining \smash on input line 939.
LaTeX Info: Redefining \relbar on input line 969.
LaTeX Info: Redefining \Relbar on input line 970.
\c@MaxMatrixCols=\count298
\dotsspace@=\muskip18
\c@parentequation=\count299
\dspbrk@lvl=\count300
\tag@help=\toks20
\row@=\count301
\column@=\count302
\maxfields@=\count303
\andhelp@=\toks21
\eqnshift@=\dimen180
\alignsep@=\dimen181
\tagshift@=\dimen182
\tagwidth@=\dimen183
\totwidth@=\dimen184
\lineht@=\dimen185
\@envbody=\toks22
\multlinegap=\skip56
\multlinetaggap=\skip57
\mathdisplay@stack=\toks23
LaTeX Info: Redefining \[ on input line 2953.
LaTeX Info: Redefining \] on input line 2954.
)
(/usr/local/texlive/2025/texmf-dist/tex/latex/amsfonts/amssymb.sty
Package: amssymb 2013/01/14 v3.01 AMS font symbols

(/usr/local/texlive/2025/texmf-dist/tex/latex/amsfonts/amsfonts.sty
Package: amsfonts 2013/01/14 v3.01 Basic AMSFonts support
\symAMSa=\mathgroup5
\symAMSb=\mathgroup6
LaTeX Font Info:    Redeclaring math symbol \hbar on input line 98.
LaTeX Font Info:    Overwriting math alphabet `\mathfrak' in version `bold'
(Font)                  U/euf/m/n --> U/euf/b/n on input line 106.
))
(/usr/local/texlive/2025/texmf-dist/tex/latex/multirow/multirow.sty
Package: multirow 2024/11/12 v2.9 Span multiple rows of a table
\multirow@colwidth=\skip58
\multirow@cntb=\count304
\multirow@dima=\skip59
\bigstrutjot=\dimen186
)
(/usr/local/texlive/2025/texmf-dist/tex/latex/enumitem/enumitem.sty
Package: enumitem 2025/02/06 v3.11 Customized lists
\labelindent=\skip60
\enit@outerparindent=\dimen187
\enit@toks=\toks24
\enit@inbox=\box54
\enit@count@id=\count305
\enitdp@description=\count306
)
(/usr/local/texlive/2025/texmf-dist/tex/latex/tipa/tipa.sty
Package: tipa 2002/08/08 TIPA version 1.1

(/usr/local/texlive/2025/texmf-dist/tex/latex/base/fontenc.sty
Package: fontenc 2021/04/29 v2.0v Standard LaTeX package

(/usr/local/texlive/2025/texmf-dist/tex/latex/tipa/t3enc.def
File: t3enc.def 2001/12/31 T3 encoding
Now handling font encoding T3 ...
... no UTF-8 mapping file for font encoding T3
LaTeX Font Info:    Trying to load font information for OT1+phv on input line 3
57.

(/usr/local/texlive/2025/texmf-dist/tex/latex/psnfss/ot1phv.fd
File: ot1phv.fd 2020/03/25 scalable font definitions for OT1/phv.
))
LaTeX Font Info:    Trying to load font information for OT1+ptm on input line 1
16.

(/usr/local/texlive/2025/texmf-dist/tex/latex/psnfss/ot1ptm.fd
File: ot1ptm.fd 2001/06/04 font definitions for OT1/ptm.
)))
(/usr/local/texlive/2025/texmf-dist/tex/latex/l3backend/l3backend-pdftex.def
File: l3backend-pdftex.def 2024-05-08 L3 backend support: PDF output (pdfTeX)
\l__color_backend_stack_int=\count307
\l__pdf_internal_box=\box55
)
(./paper2_living_speech.aux)
\openout1 = `paper2_living_speech.aux'.

LaTeX Font Info:    Checking defaults for OML/cmm/m/it on input line 26.
LaTeX Font Info:    ... okay on input line 26.
LaTeX Font Info:    Checking defaults for OMS/cmsy/m/n on input line 26.
LaTeX Font Info:    ... okay on input line 26.
LaTeX Font Info:    Checking defaults for OT1/cmr/m/n on input line 26.
LaTeX Font Info:    ... okay on input line 26.
LaTeX Font Info:    Checking defaults for T1/cmr/m/n on input line 26.
LaTeX Font Info:    ... okay on input line 26.
LaTeX Font Info:    Checking defaults for TS1/cmr/m/n on input line 26.
LaTeX Font Info:    ... okay on input line 26.
LaTeX Font Info:    Checking defaults for OMX/cmex/m/n on input line 26.
LaTeX Font Info:    ... okay on input line 26.
LaTeX Font Info:    Checking defaults for U/cmr/m/n on input line 26.
LaTeX Font Info:    ... okay on input line 26.
LaTeX Font Info:    Checking defaults for PD1/pdf/m/n on input line 26.
LaTeX Font Info:    ... okay on input line 26.
LaTeX Font Info:    Checking defaults for PU/pdf/m/n on input line 26.
LaTeX Font Info:    ... okay on input line 26.
LaTeX Font Info:    Checking defaults for T3/cmr/m/n on input line 26.
LaTeX Font Info:    Trying to load font information for T3+cmr on input line 26
.

(/usr/local/texlive/2025/texmf-dist/tex/latex/tipa/t3cmr.fd
File: t3cmr.fd 2001/12/31 TIPA font definitions
)
LaTeX Font Info:    ... okay on input line 26.

(/usr/local/texlive/2025/texmf-dist/tex/context/base/mkii/supp-pdf.mkii
[Loading MPS to PDF converter (version 2006.09.02).]
\scratchcounter=\count308
\scratchdimen=\dimen188
\scratchbox=\box56
\nofMPsegments=\count309
\nofMParguments=\count310
\everyMPshowfont=\toks25
\MPscratchCnt=\count311
\MPscratchDim=\dimen189
\MPnumerator=\count312
\makeMPintoPDFobject=\count313
\everyMPtoPDFconversion=\toks26
) (/usr/local/texlive/2025/texmf-dist/tex/latex/epstopdf-pkg/epstopdf-base.sty
Package: epstopdf-base 2020-01-24 v2.11 Base part for package epstopdf

(/usr/local/texlive/2025/texmf-dist/tex/latex/grfext/grfext.sty
Package: grfext 2019/12/03 v1.3 Manage graphics extensions (HO)
)
Package epstopdf-base Info: Redefining graphics rule for `.eps' on input line 4
85.
Package grfext Info: Graphics extension search list:
(grfext)             [.pdf,.png,.jpg,.mps,.jpeg,.jbig2,.jb2,.PDF,.PNG,.JPG,.JPE
G,.JBIG2,.JB2,.eps]
(grfext)             \AppendGraphicsExtensions on input line 504.

(/usr/local/texlive/2025/texmf-dist/tex/latex/latexconfig/epstopdf-sys.cfg
File: epstopdf-sys.cfg 2010/07/13 v1.3 Configuration of (r)epstopdf for TeX Liv
e
))
*geometry* driver: auto-detecting
*geometry* detected driver: pdftex
*geometry* verbose mode - [ preamble ] result:
* driver: pdftex
* paper: a4paper
* layout: <same size as paper>
* layoutoffset:(h,v)=(0.0pt,0.0pt)
* modes: heightrounded 
* h-part:(L,W,R)=(71.13188pt, 455.24411pt, 71.13188pt)
* v-part:(T,H,B)=(71.13188pt, 702.78308pt, 71.13188pt)
* \paperwidth=597.50787pt
* \paperheight=845.04684pt
* \textwidth=455.24411pt
* \textheight=704.60031pt
* \oddsidemargin=-1.1381pt
* \evensidemargin=-1.1381pt
* \topmargin=-38.1381pt
* \headheight=12.0pt
* \headsep=25.0pt
* \topskip=11.0pt
* \footskip=30.0pt
* \marginparwidth=59.0pt
* \marginparsep=10.0pt
* \columnsep=17.07182pt
* \skip\footins=9.0pt plus 4.0pt minus 2.0pt
* \hoffset=0.0pt
* \voffset=0.0pt
* \mag=1000
* \@twocolumntrue
* \@twosidefalse
* \@mparswitchfalse
* \@reversemarginfalse
* (1in=72.27pt=25.4mm, 1cm=28.453pt)

Package caption Info: Begin \AtBeginDocument code.
Package caption Info: hyperref package is loaded.
Package caption Info: End \AtBeginDocument code.
Package hyperref Info: Link coloring ON on input line 26.
(./paper2_living_speech.out) (./paper2_living_speech.out)
\@outlinefile=\write3
\openout3 = `paper2_living_speech.out'.

LaTeX Font Info:    Trying to load font information for U+lasy on input line 27
.

(/usr/local/texlive/2025/texmf-dist/tex/latex/base/ulasy.fd
File: ulasy.fd 1998/08/17 v2.2e LaTeX symbol font definitions
)
LaTeX Font Info:    Trying to load font information for U+msa on input line 27.


(/usr/local/texlive/2025/texmf-dist/tex/latex/amsfonts/umsa.fd
File: umsa.fd 2013/01/14 v3.01 AMS symbols A
)
LaTeX Font Info:    Trying to load font information for U+msb on input line 27.


(/usr/local/texlive/2025/texmf-dist/tex/latex/amsfonts/umsb.fd
File: umsb.fd 2013/01/14 v3.01 AMS symbols B
)
LaTeX Font Info:    Trying to load font information for OT1+pcr on input line 2
7.

(/usr/local/texlive/2025/texmf-dist/tex/latex/psnfss/ot1pcr.fd
File: ot1pcr.fd 2001/06/04 font definitions for OT1/pcr.
)
Underfull \hbox (badness 2205) in paragraph at lines 34--37
\OT1/ptm/m/n/10 N'Ko is a bi-jec-tive phoneme-to-grapheme
 []


Underfull \hbox (badness 1178) in paragraph at lines 38--44
\OT1/ptm/b/n/10 ar-chi-tec-ture search \OT1/ptm/m/n/10 over BiL-STM, Trans-
 []


Underfull \hbox (badness 1038) in paragraph at lines 45--48
\OT1/ptm/m/n/10 4-state finite-state ma-chine en-cod-ing N'Ko
 []



LaTeX Font Info:    Trying to load font information for TS1+ptm on input line 4
9.
(/usr/local/texlive/2025/texmf-dist/tex/latex/psnfss/ts1ptm.fd
File: ts1ptm.fd 2001/06/04 font definitions for TS1/ptm.
)
Underfull \hbox (badness 1371) in paragraph at lines 63--66
\OT1/ptm/m/n/10.95 French colo-nial lin-guists in the 20th cen-tury.
 []



[1{/usr/local/texlive/2025/texmf-var/fonts/map/pdftex/updmap/pdftex.map}{/usr/l
ocal/texlive/2025/texmf-dist/fonts/enc/dvips/base/8r.enc}



]
Underfull \hbox (badness 1910) in paragraph at lines 79--80
\OT1/ptm/m/n/10.95 for-mal anal-y-sis of why N'Ko's bi-jec-tive
 []


Underfull \hbox (badness 1057) in paragraph at lines 79--80
\OT1/ptm/m/n/10.95 out-put space com-plex-ity rel-a-tive to Latin
 []


Underfull \hbox (badness 3977) in paragraph at lines 81--82
[]\OT1/ptm/m/n/10.95 A \OT1/ptm/b/n/10.95 28-configuration ar-chi-tec-ture sear
ch
 []


Underfull \hbox (badness 2181) in paragraph at lines 84--85
[]\OT1/ptm/m/n/10.95 A \OT1/ptm/b/n/10.95 4-state finite-state ma-chine \OT1/pt
m/m/n/10.95 en-cod-ing
 []


Underfull \hbox (badness 1789) in paragraph at lines 84--85
\OT1/ptm/m/n/10.95 N'Ko syl-la-ble phono-tac-tics as hard con-
 []




Underfull \hbox (badness 10000) in paragraph at lines 86--87
[]\OT1/ptm/b/n/10.95 Distributed in-fer-ence ar-chi-tec-ture\OT1/ptm/m/n/10.95 
:
 []


Underfull \hbox (badness 10000) in paragraph at lines 103--106
\OT1/ptm/m/n/10.95 and bam-asr-early (37 hours, CC-BY-4.0)
 []


Underfull \hbox (badness 6445) in paragraph at lines 103--106
\OT1/ptm/m/n/10.95 ([][]Robots-Mali[][], [][]2024[][]) are the pri-mary pub-lic

 []


Underfull \hbox (badness 5175) in paragraph at lines 103--106
\OT1/ptm/m/n/10.95 es-tab-lished NMT base-lines for N'Ko script
 []



[2]


Underfull \hbox (badness 1460) in paragraph at lines 137--139
\OT1/ptm/m/n/10.95 si-bil-ity of build-ing lan-guage tech-nol-ogy from
 []


Underfull \hbox (badness 1888) in paragraph at lines 150--152
\OT1/ptm/m/n/10.95 where $\OT1/cmr/m/n/10.95 ^^H$ \OT1/ptm/m/n/10.95 is the Man
d-ing phoneme in-ven-tory
 []

LaTeX Font Info:    Trying to load font information for T3+ptm on input line 15
4.
(/usr/local/texlive/2025/texmf-dist/tex/latex/tipa/t3ptm.fd
File: t3ptm.fd 2001/12/31 TIPA font definitions
)

LaTeX Font Warning: Font shape `T3/ptm/m/it' in size <10.95> not available
(Font)              Font shape `T3/ptm/m/sl' tried instead on input line 154.



[3]
Overfull \hbox (5.78984pt too wide) detected at line 183
[][][]\OMS/cmsy/m/n/10.95 j\OML/cmm/m/it/10.95 C[]\OMS/cmsy/m/n/10.95 j \OT1/cm
r/m/n/10.95 = (26)[] \OMS/cmsy/m/n/10.95 ^^A \OT1/cmr/m/n/10.95 1\OML/cmm/m/it/
10.95 :\OT1/cmr/m/n/10.95 4[] = (36\OML/cmm/m/it/10.95 :\OT1/cmr/m/n/10.95 4)[]
 [] \OMS/cmsy/m/n/10.95 j\OML/cmm/m/it/10.95 C[]\OMS/cmsy/m/n/10.95 j \OT1/cmr/
m/n/10.95 = (65)[]
 []


Underfull \hbox (badness 1221) in paragraph at lines 189--190
[]\OT1/ptm/m/n/10.95 For Latin Bam-bara, the ef-fec-tive phone-mic
 []


Underfull \hbox (badness 1024) in paragraph at lines 189--190
\OT1/ptm/m/n/10.95 space in-cludes 26 let-ters plus di-graph com-bi-
 []


Underfull \hbox (badness 1389) in paragraph at lines 189--190
\OT1/ptm/m/n/10.95 ac-ter emis-sion pat-terns \OT1/ptm/m/it/10.95 and \OT1/ptm/
m/n/10.95 context-dependent
 []




Underfull \hbox (badness 1546) in paragraph at lines 227--229
\OT1/ptm/m/n/10.95 strict pri-or-ity or-der-ing. Di-graph rules ap-ply
 []


Underfull \hbox (badness 2351) in paragraph at lines 252--254
\OT1/ptm/m/n/10.95 form []a (U+00E0) de-com-poses to base char-
 []



[4]
Underfull \hbox (badness 2368) in paragraph at lines 291--294
 []\OT1/ptm/b/n/10.95 Bug 2: Miss-ing con-so-nant map-ping.[] \OT1/ptm/m/n/10.9
5 The
 []




Underfull \hbox (badness 10000) in paragraph at lines 305--308
\OT1/pcr/m/n/10.95 unicodedata.normalize('NFD',
 []


Underfull \hbox (badness 4634) in paragraph at lines 305--308
\OT1/pcr/m/n/10.95 text) \OT1/ptm/m/n/10.95 must be called be-fore lookup, not
 []


Underfull \hbox (badness 1412) in paragraph at lines 323--327
\OT1/ptm/m/n/10.95 We val-i-date the bridge on the Bayelemabaga
 []



[5]
Underfull \hbox (badness 1377) in paragraph at lines 329--330
[]\OT1/ptm/m/n/10.95 Malformed Uni-code in source text: 684
 []


Overfull \hbox (36.47717pt too wide) detected at line 359
 []$[]  [][]\OT1/cmr/m/n/10.95 (\OML/cmm/m/it/10.95 x\OT1/cmr/m/n/10.95 ) [] \U
/msb/m/n/10.95 R[] \OMS/cmsy/m/n/10.95 ! []\OT1/cmr/m/n/10.95 (1280\OML/cmm/m/i
t/10.95 ; \OT1/cmr/m/n/10.95 512)$ 
 []




Underfull \hbox (badness 2393) in paragraph at lines 436--440
\OT1/ptm/m/n/10.95 fig-u-ra-tions at matched hid-den di-men-sion
 []


Underfull \hbox (badness 3019) in paragraph at lines 436--440
\OT1/ptm/m/n/10.95 CER) vs. BiLSTM-256-4 (68.9% CER),
 []


Underfull \hbox (badness 1502) in paragraph at lines 436--440
\OT1/ptm/m/n/10.95 (45.7% CER) vs. BiLSTM-512-4 (60.4%
 []



[6]
Underfull \hbox (badness 4805) in paragraph at lines 441--444
[]\OT1/ptm/b/n/10.95 4$\OMS/cmsy/m/n/10.95 ^^B$ \OT1/ptm/b/n/10.95 down-sam-pli
ng con-sis-tently out-per-
 []


Underfull \hbox (badness 1776) in paragraph at lines 445--449
\OT1/ptm/b/n/10.95 at low data vol-ume. \OT1/ptm/m/n/10.95 Conformer-512-4
 []





[7]
Underfull \hbox (badness 5460) in paragraph at lines 463--465
\OT1/ptm/m/n/10.95 The ar-chi-tec-ture search winner---Transformer
 []


Underfull \hbox (badness 2922) in paragraph at lines 478--480
[]\OT1/ptm/b/n/10.95 Hidden di-men-sion 768 \OT1/ptm/m/n/10.95 (up from 512):
 []


Underfull \hbox (badness 2318) in paragraph at lines 480--481
\OT1/ptm/m/n/10.95 els. Each head can spe-cial-ize on dif-
 []




Underfull \hbox (badness 2951) in paragraph at lines 492--495
 []\OT1/ptm/b/n/10.95 SpecAugment.[] \OT1/ptm/m/n/10.95 Ap-plied dur-ing train-
ing with
 []


Overfull \hbox (19.70314pt too wide) in paragraph at lines 509--525
 [][] 
 []



[8]
Underfull \hbox (badness 2980) in paragraph at lines 534--535
[]\OT1/ptm/b/n/10.95 Word for-ma-tion (epochs 10--40): \OT1/ptm/m/n/10.95 The
 []


Underfull \hbox (badness 1472) in paragraph at lines 534--535
\OT1/ptm/m/n/10.95 ment) and be-gins pro-duc-ing rec-og-niz-able
 []


Underfull \hbox (badness 3354) in paragraph at lines 548--551
[]\OT1/ptm/m/it/10.95 Sample 5 (6-word sen-tence): \OT1/ptm/m/n/10.95 The model

 []




Underfull \hbox (badness 1215) in paragraph at lines 569--570
\OT1/ptm/m/n/10.95 pro-jec-tion ma-tri-ces of Trans-former lay-ers
 []


Underfull \hbox (badness 2884) in paragraph at lines 586--587
\OT1/ptm/m/n/10.95 reusable), while the ASR ex-per-i-ments adapt
 []


Underfull \hbox (badness 1189) in paragraph at lines 588--589
\OT1/ptm/m/n/10.95 8 lay-ers) pre-serves the lower lay-ers' general-
 []



[9]


Underfull \hbox (badness 1490) in paragraph at lines 666--667
[]\OT1/ptm/m/n/10.95 The most dra-matic im-prove-ments oc-cur on
 []


Underfull \hbox (badness 1454) in paragraph at lines 691--694
\OT1/ptm/m/n/10.95 ple au30---the worst-performing sam-ple un-der
 []



[10]
Overfull \hbox (12.30893pt too wide) in paragraph at lines 710--722
 [][] 
 []


Underfull \hbox (badness 1430) in paragraph at lines 726--728
\OT1/ptm/m/n/10.95 Table [][]9[][] sum-ma-rizes the four-version pro-gres-
 []


Underfull \hbox (badness 1596) in paragraph at lines 736--737
\OT1/ptm/m/n/10.95 prox-i-mately 2B pa-ram-e-ters (full Whis-per
 []




Overfull \hbox (7.90425pt too wide) in paragraph at lines 769--794
 [][] 
 []



[11]
Underfull \hbox (badness 1122) in paragraph at lines 839--841
 []\OT1/ptm/b/n/10.95 Throughput.[] \OT1/ptm/m/n/10.95 FSM val-i-da-tion adds n
eg-li-gi-ble
 []




Underfull \hbox (badness 1968) in paragraph at lines 846--849
\OT1/ptm/m/n/10.95 stream applications---chatbots, search en-gines,
 []


Underfull \hbox (badness 2119) in paragraph at lines 860--861
[]\OT1/ptm/b/n/10.95 Translation\OT1/ptm/m/n/10.95 : NLLB-200 trans-lates Latin

 []


Overfull \hbox (6.34221pt too wide) in paragraph at lines 874--886
 [][] 
 []



[12]
Underfull \hbox (badness 1127) in paragraph at lines 935--937
\OT1/ptm/m/n/10.95 WMT 2023 N'Ko shared task re-ported 30.83
 []


Underfull \hbox (badness 1005) in paragraph at lines 942--943
[]\OT1/ptm/m/n/10.95 NLLB-200 in-fer-ence: 67ms per sen-tence
 []


Overfull \hbox (35.05417pt too wide) in paragraph at lines 959--969
 [][] 
 []




Underfull \hbox (badness 1590) in paragraph at lines 976--977
\OT1/ptm/m/n/10.95 al-ized and sent over Thun-der-bolt 5 (ap-
 []


Underfull \hbox (badness 1264) in paragraph at lines 977--978
\OT1/ptm/m/n/10.95 op-tion-ally runs NLLB-200 for trans-la-tion
 []


Underfull \hbox (badness 1270) in paragraph at lines 983--985
\OT1/ptm/m/n/10.95 compute-dominant stages (Whis-per en-coder at
 []



[13]


Underfull \hbox (badness 10000) in paragraph at lines 1028--1032
\OT1/ptm/b/n/10.95 worst-case im-prove-ment.[] \OT1/ptm/m/n/10.95 V4's per-samp
le
 []


Underfull \hbox (badness 2126) in paragraph at lines 1028--1032
\OT1/ptm/m/n/10.95 anal-y-sis re-veals that en-coder adap-ta-tion does
 []


Underfull \hbox (badness 1067) in paragraph at lines 1028--1032
\OT1/ptm/m/n/10.95 well. This sug-gests that the frozen Whis-per
 []


Underfull \hbox (badness 10000) in paragraph at lines 1028--1032
\OT1/ptm/m/n/10.95 Bam-bara phone-mic patterns---combinations
 []


Underfull \hbox (badness 2600) in paragraph at lines 1028--1032
\OT1/ptm/m/n/10.95 of tone, nasal-iza-tion, and con-so-nant voic-ing
 []



[14]
Underfull \hbox (badness 1253) in paragraph at lines 1060--1065
[]\OT1/ptm/b/n/10.95 Greedy CTC de-cod-ing. \OT1/ptm/m/n/10.95 All ver-sions us
e
 []




Underfull \hbox (badness 2158) in paragraph at lines 1093--1094
\OT1/ptm/m/n/10.95 We man-u-ally cat-e-go-rize character-level er-rors
 []



[15]
Underfull \hbox (badness 10000) in paragraph at lines 1124--1127
 []\OT1/ptm/b/n/10.95 Syllable dele-tion (14--23%).[] \OT1/ptm/m/n/10.95 The se
cond-
 []





[16]
Underfull \hbox (badness 3199) in paragraph at lines 1203--1205
\OT1/ptm/m/n/10.95 se-quences in-creas-ing self-attention's quadratic
 []





[17]
Underfull \hbox (badness 4913) in paragraph at lines 1302--1303
[]\OT1/ptm/b/n/10.95 NLLB-200 adapter\OT1/ptm/m/n/10.95 : Fine-tuned LoRA
 []


Underfull \hbox (badness 10000) in paragraph at lines 1311--1314
\OT1/ptm/m/n/10.95 The afvoices cor-pus (612 hours, Robots-
 []


Underfull \hbox (badness 1728) in paragraph at lines 1311--1314
\OT1/ptm/m/n/10.95 ap-prox-i-mately 15--18%, cross-ing the prac-ti-cal
 []




Underfull \hbox (badness 2600) in paragraph at lines 1326--1327
[]\OT1/ptm/b/n/10.95 Manual an-no-ta-tion\OT1/ptm/m/n/10.95 : A trained lin-gui
st
 []


Underfull \hbox (badness 2050) in paragraph at lines 1326--1327
\OT1/ptm/m/n/10.95 can tone-mark Bam-bara text at ap-prox-i-
 []


Underfull \hbox (badness 1264) in paragraph at lines 1326--1327
\OT1/ptm/m/n/10.95 37 hours of tran-scrip-tions (ap-prox-i-mately
 []



[18]
Underfull \hbox (badness 4084) in paragraph at lines 1348--1353
\OT1/ptm/m/n/10.95 the struc-tural ad-van-tage of N'Ko's bi-jec-tive
 []


Underfull \hbox (badness 1735) in paragraph at lines 1358--1360
\OT1/ptm/m/n/10.95 abling con-ver-sa-tional voice trans-la-tion. Dis-
 []




Underfull \hbox (badness 5161) in paragraph at lines 1369--1374
[]\OT1/ptm/m/n/10.95 Solomana Kant[]e de-signed N'Ko in 1949
 []


Underfull \hbox (badness 10000) in paragraph at lines 1376--1378
\OT1/ptm/m/it/10.95 Code, mod-els, and eval-u-a-tion frame-work:
 []


Underfull \hbox (badness 10000) in paragraph at lines 1376--1378
[][]$\OT1/pcr/m/n/10.95 https : / / github . com / Diomandeee /
 []


Underfull \hbox (badness 1466) in paragraph at lines 1410--1413
\OT1/ptm/m/n/10 and J[]urgen Schmid-hu-ber. 2006.  Con-nec-tion-ist
 []


Underfull \hbox (badness 4316) in paragraph at lines 1420--1423
[]\OT1/ptm/m/n/10 Wei-Ning Hsu, Ben-jamin Bolte, Yao-Hung Hu-
 []


Underfull \hbox (badness 1472) in paragraph at lines 1420--1423
\OT1/ptm/m/n/10 bert Tsai, Kushal Lakho-tia, Rus-lan Salakhut-di-
 []



[19]
Underfull \hbox (badness 1122) in paragraph at lines 1430--1433
[]\OT1/ptm/m/n/10 Divyanshu Kak-wani et al. 2020.  In-dic-NLP-Suite:
 []


Underfull \hbox (badness 3758) in paragraph at lines 1483--1486
[]\OT1/ptm/m/n/10 Sepp Hochre-iter and J[]urgen Schmid-hu-ber. 1997.
 []


Underfull \hbox (badness 1655) in paragraph at lines 1498--1501
\OT1/ptm/m/n/10 et al. 2022.  AfroLM: A self-active learning-
 []





[20] (./paper2_living_speech.aux)
 ***********
LaTeX2e <2024-11-01> patch level 2
L3 programming layer <2025-01-18>
 ***********
Package rerunfilecheck Info: File `paper2_living_speech.out' has not changed.
(rerunfilecheck)             Checksum: 42378D5AD3CC7BFEF40952FA8C3D1C6E;9226.
 ) 
Here is how much of TeX's memory you used:
 14420 strings out of 473190
 222369 string characters out of 5715801
 647146 words of memory out of 5000000
 37245 multiletter control sequences out of 15000+600000
 599584 words of font info for 129 fonts, out of 8000000 for 9000
 1141 hyphenation exceptions out of 8191
 90i,17n,93p,551b,585s stack positions out of 10000i,1000n,20000p,200000b,200000s
</usr/local/texlive/2025/texmf-dist/fonts/type1/public/amsfonts/cm/cmex10.pfb
></usr/local/texlive/2025/texmf-dist/fonts/type1/public/amsfonts/cm/cmmi10.pfb>
</usr/local/texlive/2025/texmf-dist/fonts/type1/public/amsfonts/cm/cmmi6.pfb></
usr/local/texlive/2025/texmf-dist/fonts/type1/public/amsfonts/cm/cmmi8.pfb></us
r/local/texlive/2025/texmf-dist/fonts/type1/public/amsfonts/cm/cmmi9.pfb></usr/
local/texlive/2025/texmf-dist/fonts/type1/public/amsfonts/cm/cmr10.pfb></usr/lo
cal/texlive/2025/texmf-dist/fonts/type1/public/amsfonts/cm/cmr6.pfb></usr/local
/texlive/2025/texmf-dist/fonts/type1/public/amsfonts/cm/cmr8.pfb></usr/local/te
xlive/2025/texmf-dist/fonts/type1/public/amsfonts/cm/cmr9.pfb></usr/local/texli
ve/2025/texmf-dist/fonts/type1/public/amsfonts/cm/cmsy10.pfb></usr/local/texliv
e/2025/texmf-dist/fonts/type1/public/amsfonts/cm/cmsy6.pfb></usr/local/texlive/
2025/texmf-dist/fonts/type1/public/amsfonts/cm/cmsy7.pfb></usr/local/texlive/20
25/texmf-dist/fonts/type1/public/amsfonts/cm/cmsy8.pfb></usr/local/texlive/2025
/texmf-dist/fonts/type1/public/amsfonts/cm/cmsy9.pfb></usr/local/texlive/2025/t
exmf-dist/fonts/type1/public/amsfonts/symbols/msbm10.pfb></usr/local/texlive/20
25/texmf-dist/fonts/type1/urw/courier/ucrr8a.pfb></usr/local/texlive/2025/texmf
-dist/fonts/type1/urw/times/utmb8a.pfb></usr/local/texlive/2025/texmf-dist/font
s/type1/urw/times/utmr8a.pfb></usr/local/texlive/2025/texmf-dist/fonts/type1/ur
w/times/utmri8a.pfb></usr/local/texlive/2025/texmf-dist/fonts/type1/public/tipa
/xipa10.pfb></usr/local/texlive/2025/texmf-dist/fonts/type1/public/tipa/xipasl1
0.pfb>
Output written on paper2_living_speech.pdf (20 pages, 305164 bytes).
PDF statistics:
 666 PDF objects out of 1000 (max. 8388607)
 596 compressed objects within 6 object streams
 205 named destinations out of 1000 (max. 500000)
 417 words of extra memory for PDF output out of 10000 (max. 10000000)

